#
# There is insufficient memory for the Java Runtime Environment to continue.
# Native memory allocation (mmap) failed to map 65536 bytes. Error detail: Failed to commit metaspace.
# Possible reasons:
#   The system is out of physical RAM or swap space
#   This process is running with CompressedOops enabled, and the Java Heap may be blocking the growth of the native heap
# Possible solutions:
#   Reduce memory load on the system
#   Increase physical memory or swap space
#   Check if swap backing store is full
#   Decrease Java heap size (-Xmx/-Xms)
#   Decrease number of Java threads
#   Decrease Java thread stack sizes (-Xss)
#   Set larger code cache with -XX:ReservedCodeCacheSize=
#   JVM is running with Unscaled Compressed Oops mode in which the Java heap is
#     placed in the first 4GB address space. The Java Heap base address is the
#     maximum limit for the native heap growth. Please use -XX:HeapBaseMinAddress
#     to set the Java Heap base and to place the Java Heap above 4GB virtual address.
# This output file may be truncated or incomplete.
#
#  Out of Memory Error (virtualSpaceNode.cpp:113), pid=13008, tid=1068
#
# JRE version: OpenJDK Runtime Environment Corretto-21.0.4.7.1 (21.0.4+7) (build 21.0.4+7-LTS)
# Java VM: OpenJDK 64-Bit Server VM Corretto-21.0.4.7.1 (21.0.4+7-LTS, mixed mode, sharing, tiered, compressed oops, compressed class ptrs, g1 gc, windows-amd64)
# No core dump will be written. Minidumps are not enabled by default on client versions of Windows
#

---------------  S U M M A R Y ------------

Command Line: -javaagent:C:\Users\Família Pinheiro\AppData\Local\Programs\IntelliJ IDEA Community Edition\lib\idea_rt.jar=49208:C:\Users\Família Pinheiro\AppData\Local\Programs\IntelliJ IDEA Community Edition\bin -Dfile.encoding=UTF-8 -Dsun.stdout.encoding=UTF-8 -Dsun.stderr.encoding=UTF-8 sptech.school.CRUD.CrudApplication

Host: 11th Gen Intel(R) Core(TM) i3-1115G4 @ 3.00GHz, 4 cores, 3G,  Windows 11 , 64 bit Build 26100 (10.0.26100.6725)
Time: Sat Nov 15 23:45:11 2025 Hora oficial do Brasil elapsed time: 2.784720 seconds (0d 0h 0m 2s)

---------------  T H R E A D  ---------------

Current thread (0x000001b07f2addf0):  JavaThread "background-preinit"        [_thread_in_vm, id=1068, stack(0x0000009852700000,0x0000009852800000) (1024K)]

Stack: [0x0000009852700000,0x0000009852800000]
Native frames: (J=compiled Java code, j=interpreted, Vv=VM code, C=native code)
V  [jvm.dll+0x6d83d9]
V  [jvm.dll+0x8b39f3]
V  [jvm.dll+0x8b5d4e]
V  [jvm.dll+0x8b6433]
V  [jvm.dll+0x285816]
V  [jvm.dll+0x8af63e]
V  [jvm.dll+0x679cc5]
V  [jvm.dll+0x1e9371]
V  [jvm.dll+0x1e913e]
V  [jvm.dll+0x67c5d8]
V  [jvm.dll+0x67c412]
V  [jvm.dll+0x67a67e]
V  [jvm.dll+0x270b10]
V  [jvm.dll+0x21c0fe]
V  [jvm.dll+0x21151e]
V  [jvm.dll+0x5b80db]
V  [jvm.dll+0x82c366]
V  [jvm.dll+0x47a208]
V  [jvm.dll+0x480048]
C  [java.dll+0x17ec]

Java frames: (J=compiled Java code, j=interpreted, Vv=VM code)
J 1104  java.lang.ClassLoader.defineClass1(Ljava/lang/ClassLoader;Ljava/lang/String;[BIILjava/security/ProtectionDomain;Ljava/lang/String;)Ljava/lang/Class; java.base@21.0.4 (0 bytes) @ 0x000001b007b36211 [0x000001b007b36140+0x00000000000000d1]
J 1353 c1 java.lang.ClassLoader.defineClass(Ljava/lang/String;[BIILjava/security/ProtectionDomain;)Ljava/lang/Class; java.base@21.0.4 (43 bytes) @ 0x000001b00026bcfc [0x000001b00026b9a0+0x000000000000035c]
J 1178 c1 java.security.SecureClassLoader.defineClass(Ljava/lang/String;[BIILjava/security/CodeSource;)Ljava/lang/Class; java.base@21.0.4 (16 bytes) @ 0x000001b00021ed1c [0x000001b00021ec40+0x00000000000000dc]
J 932 c1 jdk.internal.loader.BuiltinClassLoader.defineClass(Ljava/lang/String;Ljdk/internal/loader/Resource;)Ljava/lang/Class; java.base@21.0.4 (121 bytes) @ 0x000001b0001a2624 [0x000001b0001a16a0+0x0000000000000f84]
J 1044 c1 jdk.internal.loader.BuiltinClassLoader.findClassOnClassPathOrNull(Ljava/lang/String;)Ljava/lang/Class; java.base@21.0.4 (64 bytes) @ 0x000001b0001d2804 [0x000001b0001d1b00+0x0000000000000d04]
J 557 c1 jdk.internal.loader.BuiltinClassLoader.loadClassOrNull(Ljava/lang/String;Z)Ljava/lang/Class; java.base@21.0.4 (143 bytes) @ 0x000001b0000dd8c4 [0x000001b0000dce60+0x0000000000000a64]
J 836 c1 jdk.internal.loader.ClassLoaders$AppClassLoader.loadClass(Ljava/lang/String;Z)Ljava/lang/Class; java.base@21.0.4 (40 bytes) @ 0x000001b00015c5c4 [0x000001b00015c3e0+0x00000000000001e4]
J 835 c1 java.lang.ClassLoader.loadClass(Ljava/lang/String;)Ljava/lang/Class; java.base@21.0.4 (7 bytes) @ 0x000001b00015c0d4 [0x000001b00015bfc0+0x0000000000000114]
v  ~StubRoutines::call_stub 0x000001b0075310e7
j  org.springframework.boot.autoconfigure.BackgroundPreinitializer$TomcatInitializer.run()V+8
j  org.springframework.boot.autoconfigure.BackgroundPreinitializer$1.runSafely(Ljava/lang/Runnable;)Z+1
j  org.springframework.boot.autoconfigure.BackgroundPreinitializer$1.run()V+70
j  java.lang.Thread.runWith(Ljava/lang/Object;Ljava/lang/Runnable;)V+5 java.base@21.0.4
j  java.lang.Thread.run()V+19 java.base@21.0.4
v  ~StubRoutines::call_stub 0x000001b0075310e7

Compiled method (n/a)    2804 1104     n 0       java.lang.ClassLoader::defineClass1 (native)
 total in heap  [0x000001b007b35f90,0x000001b007b366f0] = 1888
 relocation     [0x000001b007b360e8,0x000001b007b36128] = 64
 main code      [0x000001b007b36140,0x000001b007b366ef] = 1455
 stub code      [0x000001b007b366ef,0x000001b007b366f0] = 1

[Constant Pool (empty)]

[MachCode]
[Entry Point]
  # {method} {0x000001b00f43e970} 'defineClass1' '(Ljava/lang/ClassLoader;Ljava/lang/String;[BIILjava/security/ProtectionDomain;Ljava/lang/String;)Ljava/lang/Class;' in 'java/lang/ClassLoader'
  # parm0:    rdx:rdx   = 'java/lang/ClassLoader'
  # parm1:    r8:r8     = 'java/lang/String'
  # parm2:    r9:r9     = '[B'
  # parm3:    rdi       = int
  # parm4:    rsi       = int
  # parm5:    rcx:rcx   = 'java/security/ProtectionDomain'
  # parm6:    [sp+0xa0]   = 'java/lang/String'  (sp of caller)
  0x000001b007b36140: 448b 5208 | 49bb 0000 | 000f b001 | 0000 4d03 | d349 3bc2 | 0f84 0600 

  0x000001b007b36158: ;   {runtime_call ic_miss_stub}
  0x000001b007b36158: 0000 e921 | 88a4 ff90 
[Verified Entry Point]
  0x000001b007b36160: 8984 2400 | 80ff ff55 | 488b ec48 | 81ec 9000 | 0000 6690 | 4181 7f20 | 0100 0000 

  0x000001b007b3617c: ;   {runtime_call StubRoutines (final stubs)}
  0x000001b007b3617c: 7405 e8fd | fba2 ff48 | 837d 1000 | 488d 4510 | 480f 4445 | 1048 8944 | 2440 4889 | 4c24 7048 
  0x000001b007b3619c: 83f9 0048 | 8d44 2470 | 480f 4444 | 2470 4889 | 4424 3848 | 8974 2430 | 4889 7c24 | 284c 894c 
  0x000001b007b361bc: 2458 4983 | f900 488d | 4424 5848 | 0f44 4424 | 5848 8944 | 2420 4c89 | 4424 5049 | 83f8 004c 
  0x000001b007b361dc: 8d4c 2450 | 4c0f 444c | 2450 4889 | 5424 4848 | 83fa 004c | 8d44 2448 | 4c0f 4444 

  0x000001b007b361f8: ;   {oop(a 'java/lang/Class'{0x00000000c37def38} = 'java/lang/ClassLoader')}
  0x000001b007b361f8: 2448 49be | 38ef 7dc3 | 0000 0000 | 4c89 7424 | 784c 8d74 | 2478 498b | d6c5 f877 

  0x000001b007b36214: ;   {internal_word}
  0x000001b007b36214: 49ba 1162 | b307 b001 | 0000 4d89 | 97a0 0300 | 0049 89a7 | 9803 0000 

  0x000001b007b3622c: ;   {external_word}
  0x000001b007b3622c: 49ba 3fda | 1f44 f87f | 0000 4180 | 3a00 0f84 | 4e00 0000 | 5241 5041 

  0x000001b007b36244: ;   {metadata({method} {0x000001b00f43e970} 'defineClass1' '(Ljava/lang/ClassLoader;Ljava/lang/String;[BIILjava/security/ProtectionDomain;Ljava/lang/String;)Ljava/lang/Class;' in 'java/lang/ClassLoader')}
  0x000001b007b36244: 5148 ba68 | e943 0fb0 | 0100 0049 | 8bcf 4883 | ec20 40f6 | c40f 0f84 | 1900 0000 | 4883 ec08 
  0x000001b007b36264: ;   {runtime_call}
  0x000001b007b36264: 48b8 60ec | c943 f87f | 0000 ffd0 | 4883 c408 | e90c 0000 

  0x000001b007b36278: ;   {runtime_call}
  0x000001b007b36278: 0048 b860 | ecc9 43f8 | 7f00 00ff | d048 83c4 | 2041 5941 | 585a 498d | 8fb8 0300 | 0041 c787 
  0x000001b007b36298: 4c04 0000 | 0400 0000 

  0x000001b007b362a0: ;   {runtime_call}
  0x000001b007b362a0: 48b8 ac16 | e1a3 f87f | 0000 ffd0 | c5f8 7741 | c787 4c04 | 0000 0500 | 0000 f083 | 4424 c000 
  0x000001b007b362c0: 493b af50 | 0400 000f | 870e 0000 | 0041 83bf | 4804 0000 | 000f 842b | 0000 00c5 | f877 4889 
  0x000001b007b362e0: 45f8 498b | cf4c 8be4 | 4883 ec20 | 4883 e4f0 

  0x000001b007b362f0: ;   {runtime_call}
  0x000001b007b362f0: 48b8 e065 | 9543 f87f | 0000 ffd0 | 498b e44d | 33e4 488b | 45f8 41c7 | 874c 0400 | 0008 0000 
  0x000001b007b36310: 0041 83bf | c804 0000 | 020f 84a3 

  0x000001b007b3631c: ;   {external_word}
  0x000001b007b3631c: 0300 0049 | ba3f da1f | 44f8 7f00 | 0041 803a | 000f 844c | 0000 0048 

  0x000001b007b36334: ;   {metadata({method} {0x000001b00f43e970} 'defineClass1' '(Ljava/lang/ClassLoader;Ljava/lang/String;[BIILjava/security/ProtectionDomain;Ljava/lang/String;)Ljava/lang/Class;' in 'java/lang/ClassLoader')}
  0x000001b007b36334: 8945 f848 | ba68 e943 | 0fb0 0100 | 0049 8bcf | 4883 ec20 | 40f6 c40f | 0f84 1900 | 0000 4883 
  0x000001b007b36354: ;   {runtime_call}
  0x000001b007b36354: ec08 48b8 | 60ec c943 | f87f 0000 | ffd0 4883 | c408 e90c 

  0x000001b007b36368: ;   {runtime_call}
  0x000001b007b36368: 0000 0048 | b860 ecc9 | 43f8 7f00 | 00ff d048 | 83c4 2048 | 8b45 f849 | c787 9803 | 0000 0000 
  0x000001b007b36388: 0000 49c7 | 87a0 0300 | 0000 0000 | 00c5 f877 | 4885 c00f | 84fe 0200 | 00a8 030f | 8508 0000 
  0x000001b007b363a8: 0048 8b00 | e9ee 0200 | 00a8 010f | 8509 0000 | 0048 8b40 | fee9 dd02 | 0000 488b | 40ff 4180 
  0x000001b007b363c8: 7f40 000f | 84ce 0200 | 0048 83f8 | 000f 84c4 | 0200 0049 | 8b4f 2848 | 83f9 000f | 8414 0000 
  0x000001b007b363e8: 0048 83e9 | 0849 894f | 2849 034f | 3848 8901 | e9a2 0200 | 0048 81ec | 5001 0000 | 4889 0424 
  0x000001b007b36408: 4889 4c24 | 0848 8954 | 2410 4889 | 7424 1848 | 897c 2420 | 4c89 4424 | 284c 894c | 2430 4c89 
  0x000001b007b36428: 5424 384c | 895c 2440 | c5fb 1144 | 2450 c5fb | 114c 2458 | c5fb 1154 | 2460 c5fb | 115c 2468 
  0x000001b007b36448: c5fb 1164 | 2470 c5fb | 116c 2478 | c5fb 11b4 | 2480 0000 | 00c5 fb11 | bc24 8800 | 0000 c57b 
  0x000001b007b36468: ;   {no_reloc}
  0x000001b007b36468: 1184 2490 | 0000 00c5 | 7b11 8c24 | 9800 0000 | c57b 1194 | 24a0 0000 | 00c5 7b11 | 9c24 a800 
  0x000001b007b36488: 0000 c57b | 11a4 24b0 | 0000 00c5 | 7b11 ac24 | b800 0000 | c57b 11b4 | 24c0 0000 | 00c5 7b11 
  0x000001b007b364a8: bc24 c800 | 0000 62e1 | ff08 1144 | 241a 62e1 | ff08 114c | 241b 62e1 | ff08 1154 | 241c 62e1 
  0x000001b007b364c8: ff08 115c | 241d 62e1 | ff08 1164 | 241e 62e1 | ff08 116c | 241f 62e1 | ff08 1174 | 2420 62e1 
  0x000001b007b364e8: ff08 117c | 2421 6261 | ff08 1144 | 2422 6261 | ff08 114c | 2423 6261 | ff08 1154 | 2424 6261 
  0x000001b007b36508: ff08 115c | 2425 6261 | ff08 1164 | 2426 6261 | ff08 116c | 2427 6261 | ff08 1174 | 2428 6261 
  0x000001b007b36528: ff08 117c | 2429 498b | d748 8bc8 | 4883 ec20 | 40f6 c40f | 0f84 1900 | 0000 4883 

  0x000001b007b36544: ;   {runtime_call}
  0x000001b007b36544: ec08 48b8 | 008f 8843 | f87f 0000 | ffd0 4883 | c408 e90c 

  0x000001b007b36558: ;   {runtime_call}
  0x000001b007b36558: 0000 0048 | b800 8f88 | 43f8 7f00 | 00ff d048 | 83c4 2062 | 61ff 0810 | 7c24 2962 | 61ff 0810 
  0x000001b007b36578: 7424 2862 | 61ff 0810 | 6c24 2762 | 61ff 0810 | 6424 2662 | 61ff 0810 | 5c24 2562 | 61ff 0810 
  0x000001b007b36598: 5424 2462 | 61ff 0810 | 4c24 2362 | 61ff 0810 | 4424 2262 | e1ff 0810 | 7c24 2162 | e1ff 0810 
  0x000001b007b365b8: 7424 2062 | e1ff 0810 | 6c24 1f62 | e1ff 0810 | 6424 1e62 | e1ff 0810 | 5c24 1d62 | e1ff 0810 
  0x000001b007b365d8: 5424 1c62 | e1ff 0810 | 4c24 1b62 | e1ff 0810 | 4424 1ac5 | 7b10 bc24 | c800 0000 | c57b 10b4 
  0x000001b007b365f8: 24c0 0000 | 00c5 7b10 | ac24 b800 | 0000 c57b | 10a4 24b0 | 0000 00c5 | 7b10 9c24 | a800 0000 
  0x000001b007b36618: c57b 1094 | 24a0 0000 | 00c5 7b10 | 8c24 9800 | 0000 c57b | 1084 2490 | 0000 00c5 | fb10 bc24 
  0x000001b007b36638: 8800 0000 | c5fb 10b4 | 2480 0000 | 00c5 fb10 | 6c24 78c5 | fb10 6424 | 70c5 fb10 | 5c24 68c5 
  0x000001b007b36658: ;   {no_reloc}
  0x000001b007b36658: fb10 5424 | 60c5 fb10 | 4c24 58c5 | fb10 4424 | 504c 8b5c | 2440 4c8b | 5424 384c | 8b4c 2430 
  0x000001b007b36678: 4c8b 4424 | 2848 8b7c | 2420 488b | 7424 1848 | 8b54 2410 | 488b 4c24 | 0848 8b04 | 2448 81c4 
  0x000001b007b36698: 5001 0000 | c5f8 7749 | 8b8f 2804 | 0000 c781 | 0001 0000 | 0000 0000 | c949 837f | 0800 0f85 
  0x000001b007b366b8: 0100 0000 

  0x000001b007b366bc: ;   {runtime_call StubRoutines (initial stubs)}
  0x000001b007b366bc: c3e9 3ea8 | 9fff c5f8 | 7748 8945 | f84c 8be4 | 4883 ec20 | 4883 e4f0 

  0x000001b007b366d4: ;   {runtime_call}
  0x000001b007b366d4: 48b8 0024 | ca43 f87f | 0000 ffd0 | 498b e44d | 33e4 488b | 45f8 e930 | fcff fff4 
[/MachCode]


Compiled method (c1)    2814 1353       3       java.lang.ClassLoader::defineClass (43 bytes)
 total in heap  [0x000001b00026b790,0x000001b00026c0e8] = 2392
 relocation     [0x000001b00026b8e8,0x000001b00026b988] = 160
 main code      [0x000001b00026b9a0,0x000001b00026be40] = 1184
 stub code      [0x000001b00026be40,0x000001b00026beb8] = 120
 metadata       [0x000001b00026beb8,0x000001b00026bee8] = 48
 scopes data    [0x000001b00026bee8,0x000001b00026bfd8] = 240
 scopes pcs     [0x000001b00026bfd8,0x000001b00026c0b8] = 224
 dependencies   [0x000001b00026c0b8,0x000001b00026c0c0] = 8
 nul chk table  [0x000001b00026c0c0,0x000001b00026c0e8] = 40

[Constant Pool (empty)]

[MachCode]
[Entry Point]
  # {method} {0x000001b00f43ecf0} 'defineClass' '(Ljava/lang/String;[BIILjava/security/ProtectionDomain;)Ljava/lang/Class;' in 'java/lang/ClassLoader'
  # this:     rdx:rdx   = 'java/lang/ClassLoader'
  # parm0:    r8:r8     = 'java/lang/String'
  # parm1:    r9:r9     = '[B'
  # parm2:    rdi       = int
  # parm3:    rsi       = int
  # parm4:    rcx:rcx   = 'java/security/ProtectionDomain'
  #           [sp+0xc0]  (sp of caller)
  0x000001b00026b9a0: 448b 5208 | 49bb 0000 | 000f b001 | 0000 4d03 | d34c 3bd0 

  0x000001b00026b9b4: ;   {runtime_call ic_miss_stub}
  0x000001b00026b9b4: 0f85 c62f | 3107 660f | 1f44 0000 
[Verified Entry Point]
  0x000001b00026b9c0: 8984 2400 | 80ff ff55 | 4881 ecb0 | 0000 0090 | 4181 7f20 | 0100 0000 

  0x000001b00026b9d8: ;   {runtime_call StubRoutines (final stubs)}
  0x000001b00026b9d8: 7405 e8a1 | a32f 0748 | 8954 2478 

  0x000001b00026b9e4: ;   {metadata(method data for {method} {0x000001b00f43ecf0} 'defineClass' '(Ljava/lang/String;[BIILjava/security/ProtectionDomain;)Ljava/lang/Class;' in 'java/lang/ClassLoader')}
  0x000001b00026b9e4: 48bb 880e | 2c7a b001 | 0000 8b83 | cc00 0000 | 83c0 0289 | 83cc 0000 | 0025 fe07 | 0000 85c0 
  0x000001b00026ba04: 0f84 5803 | 0000 89b4 | 2494 0000 | 0089 bc24 | 9000 0000 | 4c89 8c24 | 8800 0000 

  0x000001b00026ba20: ;   {metadata(method data for {method} {0x000001b00f43ecf0} 'defineClass' '(Ljava/lang/String;[BIILjava/security/ProtectionDomain;)Ljava/lang/Class;' in 'java/lang/ClassLoader')}
  0x000001b00026ba20: 488b da48 | b888 0e2c | 7ab0 0100 | 0048 8380 | 1001 0000 | 0149 8bd8 | 4c8b c34c | 8bc9 488b 
  0x000001b00026ba40: ca48 8bd1 | 4889 9c24 | 8000 0000 

  0x000001b00026ba4c: ;   {optimized virtual_call}
  0x000001b00026ba4c: 6666 90e8 

  0x000001b00026ba50: ; ImmutableOopMap {[120]=Oop [128]=Oop [136]=Oop }
                      ;*invokevirtual preDefineClass {reexecute=0 rethrow=0 return_oop=0}
                      ; - java.lang.ClassLoader::defineClass@4 (line 1025)
  0x000001b00026ba50: 4c45 fbff 

  0x000001b00026ba54: ;   {other}
  0x000001b00026ba54: 0f1f 8400 | c402 0000 | 4889 8424 | 9800 0000 | 488b 5424 

  0x000001b00026ba68: ;   {metadata(method data for {method} {0x000001b00f43ecf0} 'defineClass' '(Ljava/lang/String;[BIILjava/security/ProtectionDomain;)Ljava/lang/Class;' in 'java/lang/ClassLoader')}
  0x000001b00026ba68: 7849 b888 | 0e2c 7ab0 | 0100 0049 | 8380 4801 

  0x000001b00026ba78: ;   {metadata(method data for {method} {0x000001b00f43e9d8} 'defineClassSourceLocation' '(Ljava/security/ProtectionDomain;)Ljava/lang/String;' in 'java/lang/ClassLoader')}
  0x000001b00026ba78: 0000 0149 | b8c8 1e2c | 7ab0 0100 | 0041 8b90 | cc00 0000 | 83c2 0241 | 8990 cc00 | 0000 81e2 
  0x000001b00026ba98: feff 1f00 | 85d2 0f84 | df02 0000 

  0x000001b00026baa4: ; implicit exception: dispatches to 0x000001b00026bda4
  0x000001b00026baa4: 483b 004c 

  0x000001b00026baa8: ;   {metadata(method data for {method} {0x000001b00f43e9d8} 'defineClassSourceLocation' '(Ljava/security/ProtectionDomain;)Ljava/lang/String;' in 'java/lang/ClassLoader')}
  0x000001b00026baa8: 8bc0 48ba | c81e 2c7a | b001 0000 | 4883 8210 | 0100 0001 | 448b 4010 

  0x000001b00026bac0: ;   {metadata(method data for {method} {0x000001b00f43e9d8} 'defineClassSourceLocation' '(Ljava/security/ProtectionDomain;)Ljava/lang/String;' in 'java/lang/ClassLoader')}
  0x000001b00026bac0: 4d85 c048 | bac8 1e2c | 7ab0 0100 | 0048 be58 | 0100 0000 | 0000 0075 | 0a48 be48 | 0100 0000 
  0x000001b00026bae0: 0000 0048 | 8b3c 3248 | 8d7f 0148 | 893c 320f | 850f 0000 

  0x000001b00026baf4: ;   {oop(nullptr)}
  0x000001b00026baf4: 0048 bb00 | 0000 0000 | 0000 00e9 | a301 0000 

  0x000001b00026bb04: ; implicit exception: dispatches to 0x000001b00026bda9
  0x000001b00026bb04: 493b 0049 

  0x000001b00026bb08: ;   {metadata(method data for {method} {0x000001b00f43e9d8} 'defineClassSourceLocation' '(Ljava/security/ProtectionDomain;)Ljava/lang/String;' in 'java/lang/ClassLoader')}
  0x000001b00026bb08: 8bd0 48be | c81e 2c7a | b001 0000 | 4883 8668 | 0100 0001 | 418b 500c 

  0x000001b00026bb20: ;   {metadata(method data for {method} {0x000001b00f43e9d8} 'defineClassSourceLocation' '(Ljava/security/ProtectionDomain;)Ljava/lang/String;' in 'java/lang/ClassLoader')}
  0x000001b00026bb20: 4885 d248 | bec8 1e2c | 7ab0 0100 | 0048 bfb0 | 0100 0000 | 0000 0075 | 0a48 bfa0 | 0100 0000 
  0x000001b00026bb40: 0000 0048 | 8b1c 3e48 | 8d5b 0148 | 891c 3e0f | 850f 0000 

  0x000001b00026bb54: ;   {oop(nullptr)}
  0x000001b00026bb54: 0048 bb00 | 0000 0000 | 0000 00e9 | 4301 0000 

  0x000001b00026bb64: ;   {metadata(method data for {method} {0x000001b00f43e9d8} 'defineClassSourceLocation' '(Ljava/security/ProtectionDomain;)Ljava/lang/String;' in 'java/lang/ClassLoader')}
  0x000001b00026bb64: 48be c81e | 2c7a b001 | 0000 4883 | 86c0 0100 | 0001 483b | 024c 8bc2 

  0x000001b00026bb7c: ;   {metadata(method data for {method} {0x000001b00f43e9d8} 'defineClassSourceLocation' '(Ljava/security/ProtectionDomain;)Ljava/lang/String;' in 'java/lang/ClassLoader')}
  0x000001b00026bb7c: 48be c81e | 2c7a b001 | 0000 4883 | 86f8 0100 

  0x000001b00026bb8c: ;   {metadata(method data for {method} {0x000001b00f01aa98} 'toString' '()Ljava/lang/String;' in 'java/net/URL')}
  0x000001b00026bb8c: 0001 49b8 | c071 1e7a | b001 0000 | 418b b0cc | 0000 0083 | c602 4189 | b0cc 0000 | 0081 e6fe 
  0x000001b00026bbac: ff1f 0085 | f60f 84fc | 0100 004c 

  0x000001b00026bbb8: ;   {metadata(method data for {method} {0x000001b00f01aa98} 'toString' '()Ljava/lang/String;' in 'java/net/URL')}
  0x000001b00026bbb8: 8bc2 48be | c071 1e7a | b001 0000 | 4883 8610 | 0100 0001 

  0x000001b00026bbcc: ;   {metadata(method data for {method} {0x000001b00f4325f0} 'toExternalForm' '()Ljava/lang/String;' in 'java/net/URL')}
  0x000001b00026bbcc: 49b8 4873 | 1e7a b001 | 0000 418b | b0cc 0000 | 0083 c602 | 4189 b0cc | 0000 0081 | e6fe ff1f 
  0x000001b00026bbec: 0085 f60f | 84df 0100 | 008b 7238 

  0x000001b00026bbf8: ; implicit exception: dispatches to 0x000001b00026bdf5
  0x000001b00026bbf8: 483b 064c 

  0x000001b00026bbfc: ;   {metadata(method data for {method} {0x000001b00f4325f0} 'toExternalForm' '()Ljava/lang/String;' in 'java/net/URL')}
  0x000001b00026bbfc: 8bc6 48bf | 4873 1e7a | b001 0000 | 458b 4008 | 49ba 0000 | 000f b001 | 0000 4d03 | c24c 3b87 
  0x000001b00026bc1c: 2001 0000 | 750d 4883 | 8728 0100 | 0001 e960 | 0000 004c | 3b87 3001 | 0000 750d | 4883 8738 
  0x000001b00026bc3c: 0100 0001 | e94a 0000 | 0048 83bf | 2001 0000 | 0075 174c | 8987 2001 | 0000 48c7 | 8728 0100 
  0x000001b00026bc5c: 0001 0000 | 00e9 2900 | 0000 4883 | bf30 0100 | 0000 7517 | 4c89 8730 | 0100 0048 | c787 3801 
  0x000001b00026bc7c: 0000 0100 | 0000 e908 | 0000 0048 | 8387 1001 | 0000 014c | 8bc2 488b 

  0x000001b00026bc94: ;   {optimized virtual_call}
  0x000001b00026bc94: d666 90e8 

  0x000001b00026bc98: ; ImmutableOopMap {[120]=Oop [128]=Oop [136]=Oop [152]=Oop }
                      ;*invokevirtual toExternalForm {reexecute=0 rethrow=0 return_oop=0}
                      ; - java.net.URL::toExternalForm@5 (line 1203)
                      ; - java.net.URL::toString@1 (line 1189)
                      ; - java.lang.ClassLoader::defineClassSourceLocation@22 (line 927)
                      ; - java.lang.ClassLoader::defineClass@12 (line 1026)
  0x000001b00026bc98: 649e f8ff 

  0x000001b00026bc9c: ;   {other}
  0x000001b00026bc9c: 0f1f 8400 | 0c05 0001 | 488b d848 | 8b84 2498 | 0000 008b | b424 9400 | 0000 8bbc | 2490 0000 
  0x000001b00026bcbc: 004c 8b8c | 2488 0000 | 004c 8b84 | 2480 0000 | 0048 8b54 

  0x000001b00026bcd0: ;   {metadata(method data for {method} {0x000001b00f43ecf0} 'defineClass' '(Ljava/lang/String;[BIILjava/security/ProtectionDomain;)Ljava/lang/Class;' in 'java/lang/ClassLoader')}
  0x000001b00026bcd0: 2478 48b9 | 880e 2c7a | b001 0000 | 4883 8180 | 0100 0001 | 4c8b da49 | 8bd3 488b | c848 891c 
  0x000001b00026bcf0: 2466 0f1f 

  0x000001b00026bcf4: ;   {static_call}
  0x000001b00026bcf4: 4400 00e8 

  0x000001b00026bcf8: ; ImmutableOopMap {[120]=Oop [152]=Oop }
                      ;*invokestatic defineClass1 {reexecute=0 rethrow=0 return_oop=0}
                      ; - java.lang.ClassLoader::defineClass@27 (line 1027)
  0x000001b00026bcf8: 64a4 8c07 

  0x000001b00026bcfc: ;   {other}
  0x000001b00026bcfc: 0f1f 8400 | 6c05 0002 | 488b 5424 

  0x000001b00026bd08: ;   {metadata(method data for {method} {0x000001b00f43ecf0} 'defineClass' '(Ljava/lang/String;[BIILjava/security/ProtectionDomain;)Ljava/lang/Class;' in 'java/lang/ClassLoader')}
  0x000001b00026bd08: 7849 b888 | 0e2c 7ab0 | 0100 0049 | 8380 9001 | 0000 014c | 8bc0 4c8b | 8c24 9800 | 0000 488b 
  0x000001b00026bd28: 5424 7848 | 8984 24a0 | 0000 000f 

  0x000001b00026bd34: ;   {optimized virtual_call}
  0x000001b00026bd34: 1f40 00e8 

  0x000001b00026bd38: ; ImmutableOopMap {[160]=Oop }
                      ;*invokevirtual postDefineClass {reexecute=0 rethrow=0 return_oop=0}
                      ; - java.lang.ClassLoader::defineClass@37 (line 1028)
  0x000001b00026bd38: e49a f9ff 

  0x000001b00026bd3c: ;   {other}
  0x000001b00026bd3c: 0f1f 8400 | ac05 0003 | 488b 8424 | a000 0000 | 4881 c4b0 | 0000 005d 

  0x000001b00026bd54: ;   {poll_return}
  0x000001b00026bd54: 493b a750 | 0400 000f | 8799 0000 

  0x000001b00026bd60: ;   {metadata({method} {0x000001b00f43ecf0} 'defineClass' '(Ljava/lang/String;[BIILjava/security/ProtectionDomain;)Ljava/lang/Class;' in 'java/lang/ClassLoader')}
  0x000001b00026bd60: 00c3 49ba | e8ec 430f | b001 0000 | 4c89 5424 | 0848 c704 | 24ff ffff 

  0x000001b00026bd78: ;   {runtime_call counter_overflow Runtime1 stub}
  0x000001b00026bd78: ffe8 82e9 

  0x000001b00026bd7c: ; ImmutableOopMap {rdx=Oop r8=Oop r9=Oop rcx=Oop [120]=Oop }
                      ;*synchronization entry
                      ; - java.lang.ClassLoader::defineClass@-1 (line 1025)
  0x000001b00026bd7c: 3e07 e987 

  0x000001b00026bd80: ;   {metadata({method} {0x000001b00f43e9d8} 'defineClassSourceLocation' '(Ljava/security/ProtectionDomain;)Ljava/lang/String;' in 'java/lang/ClassLoader')}
  0x000001b00026bd80: fcff ff49 | bad0 e943 | 0fb0 0100 | 004c 8954 | 2408 48c7 | 0424 ffff 

  0x000001b00026bd98: ;   {runtime_call counter_overflow Runtime1 stub}
  0x000001b00026bd98: ffff e861 

  0x000001b00026bd9c: ; ImmutableOopMap {rax=Oop [120]=Oop [128]=Oop [136]=Oop [152]=Oop }
                      ;*synchronization entry
                      ; - java.lang.ClassLoader::defineClassSourceLocation@-1 (line 924)
                      ; - java.lang.ClassLoader::defineClass@12 (line 1026)
  0x000001b00026bd9c: e93e 07e9 | 00fd ffff 

  0x000001b00026bda4: ;   {runtime_call throw_null_pointer_exception Runtime1 stub}
  0x000001b00026bda4: e8f7 863e 

  0x000001b00026bda8: ; ImmutableOopMap {rax=Oop [120]=Oop [128]=Oop [136]=Oop [152]=Oop }
                      ;*invokevirtual getCodeSource {reexecute=0 rethrow=0 return_oop=0}
                      ; - java.lang.ClassLoader::defineClassSourceLocation@1 (line 924)
                      ; - java.lang.ClassLoader::defineClass@12 (line 1026)
                      ;   {runtime_call throw_null_pointer_exception Runtime1 stub}
  0x000001b00026bda8: 07e8 f286 

  0x000001b00026bdac: ; ImmutableOopMap {rax=Oop r8=Oop [120]=Oop [128]=Oop [136]=Oop [152]=Oop }
                      ;*invokevirtual getLocation {reexecute=0 rethrow=0 return_oop=0}
                      ; - java.lang.ClassLoader::defineClassSourceLocation@12 (line 926)
                      ; - java.lang.ClassLoader::defineClass@12 (line 1026)
                      ;   {runtime_call throw_null_pointer_exception Runtime1 stub}
  0x000001b00026bdac: 3e07 e8ed 

  0x000001b00026bdb0: ; ImmutableOopMap {rdx=Oop [120]=Oop [128]=Oop [136]=Oop [152]=Oop }
                      ;*invokevirtual toString {reexecute=0 rethrow=0 return_oop=0}
                      ; - java.lang.ClassLoader::defineClassSourceLocation@22 (line 927)
                      ; - java.lang.ClassLoader::defineClass@12 (line 1026)
                      ;   {metadata({method} {0x000001b00f01aa98} 'toString' '()Ljava/lang/String;' in 'java/net/URL')}
  0x000001b00026bdb0: 863e 0749 | ba90 aa01 | 0fb0 0100 | 004c 8954 | 2408 48c7 | 0424 ffff 

  0x000001b00026bdc8: ;   {runtime_call counter_overflow Runtime1 stub}
  0x000001b00026bdc8: ffff e831 

  0x000001b00026bdcc: ; ImmutableOopMap {rdx=Oop [120]=Oop [128]=Oop [136]=Oop [152]=Oop }
                      ;*synchronization entry
                      ; - java.net.URL::toString@-1 (line 1189)
                      ; - java.lang.ClassLoader::defineClassSourceLocation@22 (line 927)
                      ; - java.lang.ClassLoader::defineClass@12 (line 1026)
  0x000001b00026bdcc: e93e 07e9 | e3fd ffff 

  0x000001b00026bdd4: ;   {metadata({method} {0x000001b00f4325f0} 'toExternalForm' '()Ljava/lang/String;' in 'java/net/URL')}
  0x000001b00026bdd4: 49ba e825 | 430f b001 | 0000 4c89 | 5424 0848 | c704 24ff 

  0x000001b00026bde8: ;   {runtime_call counter_overflow Runtime1 stub}
  0x000001b00026bde8: ffff ffe8 

  0x000001b00026bdec: ; ImmutableOopMap {rdx=Oop [120]=Oop [128]=Oop [136]=Oop [152]=Oop }
                      ;*synchronization entry
                      ; - java.net.URL::toExternalForm@-1 (line 1203)
                      ; - java.net.URL::toString@1 (line 1189)
                      ; - java.lang.ClassLoader::defineClassSourceLocation@22 (line 927)
                      ; - java.lang.ClassLoader::defineClass@12 (line 1026)
  0x000001b00026bdec: 10e9 3e07 | e900 feff 

  0x000001b00026bdf4: ;   {runtime_call throw_null_pointer_exception Runtime1 stub}
  0x000001b00026bdf4: ffe8 a686 

  0x000001b00026bdf8: ; ImmutableOopMap {rdx=Oop rsi=Oop [120]=Oop [128]=Oop [136]=Oop [152]=Oop }
                      ;*invokevirtual toExternalForm {reexecute=0 rethrow=0 return_oop=0}
                      ; - java.net.URL::toExternalForm@5 (line 1203)
                      ; - java.net.URL::toString@1 (line 1189)
                      ; - java.lang.ClassLoader::defineClassSourceLocation@22 (line 927)
                      ; - java.lang.ClassLoader::defineClass@12 (line 1026)
                      ;   {internal_word}
  0x000001b00026bdf8: 3e07 49ba | 54bd 2600 | b001 0000 | 4d89 9768 

  0x000001b00026be08: ;   {runtime_call SafepointBlob}
  0x000001b00026be08: 0400 00e9 | 70ad 3107 | 498b 8700 | 0500 0049 | c787 0005 | 0000 0000 | 0000 49c7 | 8708 0500 
  0x000001b00026be28: 0000 0000 | 0048 81c4 | b000 0000 

  0x000001b00026be34: ;   {runtime_call unwind_exception Runtime1 stub}
  0x000001b00026be34: 5de9 4677 | 3e07 f4f4 | f4f4 f4f4 
[Stub Code]
  0x000001b00026be40: ;   {no_reloc}
  0x000001b00026be40: 0f1f 4400 

  0x000001b00026be44: ;   {static_stub}
  0x000001b00026be44: 0048 bb00 | 0000 0000 

  0x000001b00026be4c: ;   {runtime_call}
  0x000001b00026be4c: 0000 00e9 | fbff ffff 

  0x000001b00026be54: ;   {static_stub}
  0x000001b00026be54: 48bb 0000 | 0000 0000 

  0x000001b00026be5c: ;   {runtime_call}
  0x000001b00026be5c: 0000 e9fb 

  0x000001b00026be60: ;   {static_stub}
  0x000001b00026be60: ffff ff48 | bb00 0000 | 0000 0000 

  0x000001b00026be6c: ;   {runtime_call}
  0x000001b00026be6c: 00e9 fbff 

  0x000001b00026be70: ;   {static_stub}
  0x000001b00026be70: ffff 48bb | 0000 0000 | 0000 0000 

  0x000001b00026be7c: ;   {runtime_call}
  0x000001b00026be7c: e9fb ffff 

  0x000001b00026be80: ;   {runtime_call handle_exception_from_callee Runtime1 stub}
  0x000001b00026be80: ffe8 faab 

  0x000001b00026be84: ;   {external_word}
  0x000001b00026be84: 3e07 48b9 | 0021 f643 | f87f 0000 | 4883 e4f0 

  0x000001b00026be94: ;   {runtime_call}
  0x000001b00026be94: 48b8 10d4 | b843 f87f | 0000 ffd0 

  0x000001b00026bea0: ;   {section_word}
  0x000001b00026bea0: f449 baa1 | be26 00b0 | 0100 0041 

  0x000001b00026beac: ;   {runtime_call DeoptimizationBlob}
  0x000001b00026beac: 52e9 6ec1 | 3107 f4f4 | f4f4 f4f4 
[/MachCode]


Compiled method (c1)    2822 1178       3       java.security.SecureClassLoader::defineClass (16 bytes)
 total in heap  [0x000001b00021ea90,0x000001b00021ee90] = 1024
 relocation     [0x000001b00021ebe8,0x000001b00021ec38] = 80
 main code      [0x000001b00021ec40,0x000001b00021ed98] = 344
 stub code      [0x000001b00021ed98,0x000001b00021ede8] = 80
 metadata       [0x000001b00021ede8,0x000001b00021edf0] = 8
 scopes data    [0x000001b00021edf0,0x000001b00021ee38] = 72
 scopes pcs     [0x000001b00021ee38,0x000001b00021ee88] = 80
 dependencies   [0x000001b00021ee88,0x000001b00021ee90] = 8

[Constant Pool (empty)]

[MachCode]
[Entry Point]
  # {method} {0x000001b00f04d8a0} 'defineClass' '(Ljava/lang/String;[BIILjava/security/CodeSource;)Ljava/lang/Class;' in 'java/security/SecureClassLoader'
  # this:     rdx:rdx   = 'java/security/SecureClassLoader'
  # parm0:    r8:r8     = 'java/lang/String'
  # parm1:    r9:r9     = '[B'
  # parm2:    rdi       = int
  # parm3:    rsi       = int
  # parm4:    rcx:rcx   = 'java/security/CodeSource'
  #           [sp+0x80]  (sp of caller)
  0x000001b00021ec40: 448b 5208 | 49bb 0000 | 000f b001 | 0000 4d03 | d34c 3bd0 

  0x000001b00021ec54: ;   {runtime_call ic_miss_stub}
  0x000001b00021ec54: 0f85 26fd | 3507 660f | 1f44 0000 
[Verified Entry Point]
  0x000001b00021ec60: 8984 2400 | 80ff ff55 | 4883 ec70 | 4181 7f20 | 0100 0000 

  0x000001b00021ec74: ;   {runtime_call StubRoutines (final stubs)}
  0x000001b00021ec74: 7405 e805 

  0x000001b00021ec78: ;   {metadata(method data for {method} {0x000001b00f04d8a0} 'defineClass' '(Ljava/lang/String;[BIILjava/security/CodeSource;)Ljava/lang/Class;' in 'java/security/SecureClassLoader')}
  0x000001b00021ec78: 7134 0748 | bbb0 951e | 7ab0 0100 | 008b 83cc | 0000 0083 | c002 8983 | cc00 0000 | 25fe 0700 
  0x000001b00021ec98: 0085 c00f | 8496 0000 | 0089 7424 | 5c89 7c24 | 584c 894c | 2450 4c89 | 4424 4848 

  0x000001b00021ecb4: ;   {metadata(method data for {method} {0x000001b00f04d8a0} 'defineClass' '(Ljava/lang/String;[BIILjava/security/CodeSource;)Ljava/lang/Class;' in 'java/security/SecureClassLoader')}
  0x000001b00021ecb4: 8bda 48b8 | b095 1e7a | b001 0000 | 4883 8010 | 0100 0001 | 4c8b c148 | 8bc2 488b | d048 8944 
  0x000001b00021ecd4: ;   {optimized virtual_call}
  0x000001b00021ecd4: 2440 90e8 

  0x000001b00021ecd8: ; ImmutableOopMap {[64]=Oop [72]=Oop [80]=Oop }
                      ;*invokevirtual getProtectionDomain {reexecute=0 rethrow=0 return_oop=0}
                      ; - java.security.SecureClassLoader::defineClass@9 (line 150)
  0x000001b00021ecd8: c4bb 0300 

  0x000001b00021ecdc: ;   {other}
  0x000001b00021ecdc: 0f1f 8400 | 4c02 0000 | 488b 5424 

  0x000001b00021ece8: ;   {metadata(method data for {method} {0x000001b00f04d8a0} 'defineClass' '(Ljava/lang/String;[BIILjava/security/CodeSource;)Ljava/lang/Class;' in 'java/security/SecureClassLoader')}
  0x000001b00021ece8: 4049 b8b0 | 951e 7ab0 | 0100 0049 | 8380 4801 | 0000 014c | 8b44 2448 | 4c8b 4c24 | 508b 7c24 
  0x000001b00021ed08: 588b 7424 | 5c48 8bc8 | 488b 5424 

  0x000001b00021ed14: ;   {optimized virtual_call}
  0x000001b00021ed14: 4066 90e8 

  0x000001b00021ed18: ; ImmutableOopMap {}
                      ;*invokevirtual defineClass {reexecute=0 rethrow=0 return_oop=0}
                      ; - java.security.SecureClassLoader::defineClass@12 (line 150)
  0x000001b00021ed18: a4cc 0400 

  0x000001b00021ed1c: ;   {other}
  0x000001b00021ed1c: 0f1f 8400 | 8c02 0001 | 4883 c470 

  0x000001b00021ed28: ;   {poll_return}
  0x000001b00021ed28: 5d49 3ba7 | 5004 0000 | 0f87 2200 

  0x000001b00021ed34: ;   {metadata({method} {0x000001b00f04d8a0} 'defineClass' '(Ljava/lang/String;[BIILjava/security/CodeSource;)Ljava/lang/Class;' in 'java/security/SecureClassLoader')}
  0x000001b00021ed34: 0000 c349 | ba98 d804 | 0fb0 0100 | 004c 8954 | 2408 48c7 | 0424 ffff 

  0x000001b00021ed4c: ;   {runtime_call counter_overflow Runtime1 stub}
  0x000001b00021ed4c: ffff e8ad 

  0x000001b00021ed50: ; ImmutableOopMap {rdx=Oop r8=Oop r9=Oop rcx=Oop }
                      ;*synchronization entry
                      ; - java.security.SecureClassLoader::defineClass@-1 (line 150)
  0x000001b00021ed50: b943 07e9 | 49ff ffff 

  0x000001b00021ed58: ;   {internal_word}
  0x000001b00021ed58: 49ba 29ed | 2100 b001 | 0000 4d89 | 9768 0400 

  0x000001b00021ed68: ;   {runtime_call SafepointBlob}
  0x000001b00021ed68: 00e9 127e | 3607 498b | 8700 0500 | 0049 c787 | 0005 0000 | 0000 0000 | 49c7 8708 | 0500 0000 
  0x000001b00021ed88: 0000 0048 | 83c4 705d 

  0x000001b00021ed90: ;   {runtime_call unwind_exception Runtime1 stub}
  0x000001b00021ed90: e9eb 4743 | 07f4 f4f4 
[Stub Code]
  0x000001b00021ed98: ;   {no_reloc}
  0x000001b00021ed98: 48bb e8d7 | 040f b001 

  0x000001b00021eda0: ;   {runtime_call I2C/C2I adapters}
  0x000001b00021eda0: 0000 e960 

  0x000001b00021eda4: ;   {static_stub}
  0x000001b00021eda4: 6136 0748 | bbe8 ec43 | 0fb0 0100 

  0x000001b00021edb0: ;   {runtime_call I2C/C2I adapters}
  0x000001b00021edb0: 00e9 dff7 

  0x000001b00021edb4: ;   {runtime_call handle_exception_from_callee Runtime1 stub}
  0x000001b00021edb4: 3407 e8c5 

  0x000001b00021edb8: ;   {external_word}
  0x000001b00021edb8: 7c43 0748 | b900 21f6 | 43f8 7f00 | 0048 83e4 

  0x000001b00021edc8: ;   {runtime_call}
  0x000001b00021edc8: f048 b810 | d4b8 43f8 | 7f00 00ff 

  0x000001b00021edd4: ;   {section_word}
  0x000001b00021edd4: d0f4 49ba | d6ed 2100 | b001 0000 

  0x000001b00021ede0: ;   {runtime_call DeoptimizationBlob}
  0x000001b00021ede0: 4152 e939 | 9236 07f4 
[/MachCode]


---------------  P R O C E S S  ---------------

Threads class SMR info:
_java_thread_list=0x000001b07f24a2e0, length=13, elements={
0x000001b06e06dcb0, 0x000001b079ee5090, 0x000001b079ee5f90, 0x000001b079eeb730,
0x000001b079eec280, 0x000001b079eecdd0, 0x000001b079eee9f0, 0x000001b079eef780,
0x000001b079ef1cf0, 0x000001b079eb2820, 0x000001b07e421570, 0x000001b07e421be0,
0x000001b07f2addf0
}

Java Threads: ( => current thread )
  0x000001b06e06dcb0 JavaThread "main"                              [_thread_in_vm, id=12752, stack(0x0000009851100000,0x0000009851200000) (1024K)]
  0x000001b079ee5090 JavaThread "Reference Handler"          daemon [_thread_blocked, id=2560, stack(0x0000009851900000,0x0000009851a00000) (1024K)]
  0x000001b079ee5f90 JavaThread "Finalizer"                  daemon [_thread_blocked, id=14624, stack(0x0000009851a00000,0x0000009851b00000) (1024K)]
  0x000001b079eeb730 JavaThread "Signal Dispatcher"          daemon [_thread_blocked, id=15132, stack(0x0000009851b00000,0x0000009851c00000) (1024K)]
  0x000001b079eec280 JavaThread "Attach Listener"            daemon [_thread_blocked, id=11420, stack(0x0000009851c00000,0x0000009851d00000) (1024K)]
  0x000001b079eecdd0 JavaThread "Service Thread"             daemon [_thread_blocked, id=508, stack(0x0000009851d00000,0x0000009851e00000) (1024K)]
  0x000001b079eee9f0 JavaThread "Monitor Deflation Thread"   daemon [_thread_blocked, id=14152, stack(0x0000009851e00000,0x0000009851f00000) (1024K)]
  0x000001b079eef780 JavaThread "C2 CompilerThread0"         daemon [_thread_in_native, id=1512, stack(0x0000009851f00000,0x0000009852000000) (1024K)]
  0x000001b079ef1cf0 JavaThread "C1 CompilerThread0"         daemon [_thread_blocked, id=11600, stack(0x0000009852000000,0x0000009852100000) (1024K)]
  0x000001b079eb2820 JavaThread "Common-Cleaner"             daemon [_thread_blocked, id=1940, stack(0x0000009852100000,0x0000009852200000) (1024K)]
  0x000001b07e421570 JavaThread "Monitor Ctrl-Break"         daemon [_thread_in_native, id=10432, stack(0x0000009852200000,0x0000009852300000) (1024K)]
  0x000001b07e421be0 JavaThread "Notification Thread"        daemon [_thread_blocked, id=2692, stack(0x0000009852300000,0x0000009852400000) (1024K)]
=>0x000001b07f2addf0 JavaThread "background-preinit"                [_thread_in_vm, id=1068, stack(0x0000009852700000,0x0000009852800000) (1024K)]
Total: 13

Other Threads:
  0x000001b079ec7780 VMThread "VM Thread"                           [id=11532, stack(0x0000009851800000,0x0000009851900000) (1024K)]
  0x000001b079eb1da0 WatcherThread "VM Periodic Task Thread"        [id=8756, stack(0x0000009851700000,0x0000009851800000) (1024K)]
  0x000001b06e0a5dc0 WorkerThread "GC Thread#0"                     [id=8116, stack(0x0000009851200000,0x0000009851300000) (1024K)]
  0x000001b07e767330 WorkerThread "GC Thread#1"                     [id=12380, stack(0x0000009852400000,0x0000009852500000) (1024K)]
  0x000001b07e93a6e0 WorkerThread "GC Thread#2"                     [id=1896, stack(0x0000009852500000,0x0000009852600000) (1024K)]
  0x000001b07e93aa80 WorkerThread "GC Thread#3"                     [id=11728, stack(0x0000009852600000,0x0000009852700000) (1024K)]
  0x000001b06e0ae760 ConcurrentGCThread "G1 Main Marker"            [id=13824, stack(0x0000009851300000,0x0000009851400000) (1024K)]
  0x000001b06e0af260 WorkerThread "G1 Conc#0"                       [id=13940, stack(0x0000009851400000,0x0000009851500000) (1024K)]
  0x000001b06e10c120 ConcurrentGCThread "G1 Refine#0"               [id=14800, stack(0x0000009851500000,0x0000009851600000) (1024K)]
  0x000001b06e115d00 ConcurrentGCThread "G1 Service"                [id=1960, stack(0x0000009851600000,0x0000009851700000) (1024K)]
Total: 10

Threads with active compile tasks:
C2 CompilerThread0     2826 2552   !   4       jdk.internal.loader.BuiltinClassLoader::loadClassOrNull (143 bytes)
Total: 1

VM state: not at safepoint (normal execution)

VM Mutex/Monitor currently owned by a thread:  ([mutex/lock_event])
[0x00007ff844214228] Metaspace_lock - owner thread: 0x000001b07f2addf0

Heap address: 0x00000000c3200000, size: 974 MB, Compressed Oops mode: 32-bit

CDS archive(s) mapped at: [0x000001b00f000000-0x000001b00fc90000-0x000001b00fc90000), size 13172736, SharedBaseAddress: 0x000001b00f000000, ArchiveRelocationMode: 1.
Compressed class space mapped at: 0x000001b010000000-0x000001b050000000, reserved size: 1073741824
Narrow klass base: 0x000001b00f000000, Narrow klass shift: 0, Narrow klass range: 0x100000000

GC Precious Log:
 CardTable entry size: 512
 Card Set container configuration: InlinePtr #cards 5 size 8 Array Of Cards #cards 12 size 40 Howl #buckets 4 coarsen threshold 1843 Howl Bitmap #cards 512 size 80 coarsen threshold 460 Card regions per heap region 1 cards per card region 2048
 CPUs: 4 total, 4 available
 Memory: 3895M
 Large Page Support: Disabled
 NUMA Support: Disabled
 Compressed Oops: Enabled (32-bit)
 Heap Region Size: 1M
 Heap Min Capacity: 8M
 Heap Initial Capacity: 62M
 Heap Max Capacity: 974M
 Pre-touch: Disabled
 Parallel Workers: 4
 Concurrent Workers: 1
 Concurrent Refinement Workers: 4
 Periodic GC: Disabled

Heap:
 garbage-first heap   total 63488K, used 16889K [0x00000000c3200000, 0x0000000100000000)
  region size 1024K, 9 young (9216K), 5 survivors (5120K)
 Metaspace       used 19455K, committed 19712K, reserved 1114112K
  class space    used 2440K, committed 2560K, reserved 1048576K

Heap Regions: E=young(eden), S=young(survivor), O=old, HS=humongous(starts), HC=humongous(continues), CS=collection set, F=free, TAMS=top-at-mark-start, PB=parsable bottom
|   0|0x00000000c3200000, 0x00000000c3300000, 0x00000000c3300000|100%|HS|  |TAMS 0x00000000c3200000| PB 0x00000000c3200000| Complete 
|   1|0x00000000c3300000, 0x00000000c3400000, 0x00000000c3400000|100%| O|  |TAMS 0x00000000c3300000| PB 0x00000000c3300000| Untracked 
|   2|0x00000000c3400000, 0x00000000c3500000, 0x00000000c3500000|100%| O|  |TAMS 0x00000000c3400000| PB 0x00000000c3400000| Untracked 
|   3|0x00000000c3500000, 0x00000000c3600000, 0x00000000c3600000|100%| O|  |TAMS 0x00000000c3500000| PB 0x00000000c3500000| Untracked 
|   4|0x00000000c3600000, 0x00000000c3700000, 0x00000000c3700000|100%| O|  |TAMS 0x00000000c3600000| PB 0x00000000c3600000| Untracked 
|   5|0x00000000c3700000, 0x00000000c3800000, 0x00000000c3800000|100%| O|  |TAMS 0x00000000c3700000| PB 0x00000000c3700000| Untracked 
|   6|0x00000000c3800000, 0x00000000c3900000, 0x00000000c3900000|100%| O|  |TAMS 0x00000000c3800000| PB 0x00000000c3800000| Untracked 
|   7|0x00000000c3900000, 0x00000000c3a00000, 0x00000000c3a00000|100%| O|  |TAMS 0x00000000c3900000| PB 0x00000000c3900000| Untracked 
|   8|0x00000000c3a00000, 0x00000000c3a7e720, 0x00000000c3b00000| 49%| O|  |TAMS 0x00000000c3a00000| PB 0x00000000c3a00000| Untracked 
|   9|0x00000000c3b00000, 0x00000000c3b00000, 0x00000000c3c00000|  0%| F|  |TAMS 0x00000000c3b00000| PB 0x00000000c3b00000| Untracked 
|  10|0x00000000c3c00000, 0x00000000c3c00000, 0x00000000c3d00000|  0%| F|  |TAMS 0x00000000c3c00000| PB 0x00000000c3c00000| Untracked 
|  11|0x00000000c3d00000, 0x00000000c3d00000, 0x00000000c3e00000|  0%| F|  |TAMS 0x00000000c3d00000| PB 0x00000000c3d00000| Untracked 
|  12|0x00000000c3e00000, 0x00000000c3e00000, 0x00000000c3f00000|  0%| F|  |TAMS 0x00000000c3e00000| PB 0x00000000c3e00000| Untracked 
|  13|0x00000000c3f00000, 0x00000000c3f00000, 0x00000000c4000000|  0%| F|  |TAMS 0x00000000c3f00000| PB 0x00000000c3f00000| Untracked 
|  14|0x00000000c4000000, 0x00000000c4000000, 0x00000000c4100000|  0%| F|  |TAMS 0x00000000c4000000| PB 0x00000000c4000000| Untracked 
|  15|0x00000000c4100000, 0x00000000c4100000, 0x00000000c4200000|  0%| F|  |TAMS 0x00000000c4100000| PB 0x00000000c4100000| Untracked 
|  16|0x00000000c4200000, 0x00000000c4200000, 0x00000000c4300000|  0%| F|  |TAMS 0x00000000c4200000| PB 0x00000000c4200000| Untracked 
|  17|0x00000000c4300000, 0x00000000c4300000, 0x00000000c4400000|  0%| F|  |TAMS 0x00000000c4300000| PB 0x00000000c4300000| Untracked 
|  18|0x00000000c4400000, 0x00000000c4400000, 0x00000000c4500000|  0%| F|  |TAMS 0x00000000c4400000| PB 0x00000000c4400000| Untracked 
|  19|0x00000000c4500000, 0x00000000c4500000, 0x00000000c4600000|  0%| F|  |TAMS 0x00000000c4500000| PB 0x00000000c4500000| Untracked 
|  20|0x00000000c4600000, 0x00000000c4600000, 0x00000000c4700000|  0%| F|  |TAMS 0x00000000c4600000| PB 0x00000000c4600000| Untracked 
|  21|0x00000000c4700000, 0x00000000c4700000, 0x00000000c4800000|  0%| F|  |TAMS 0x00000000c4700000| PB 0x00000000c4700000| Untracked 
|  22|0x00000000c4800000, 0x00000000c4800000, 0x00000000c4900000|  0%| F|  |TAMS 0x00000000c4800000| PB 0x00000000c4800000| Untracked 
|  23|0x00000000c4900000, 0x00000000c4a00000, 0x00000000c4a00000|100%| S|CS|TAMS 0x00000000c4900000| PB 0x00000000c4900000| Complete 
|  24|0x00000000c4a00000, 0x00000000c4b00000, 0x00000000c4b00000|100%| S|CS|TAMS 0x00000000c4a00000| PB 0x00000000c4a00000| Complete 
|  25|0x00000000c4b00000, 0x00000000c4c00000, 0x00000000c4c00000|100%| S|CS|TAMS 0x00000000c4b00000| PB 0x00000000c4b00000| Complete 
|  26|0x00000000c4c00000, 0x00000000c4d00000, 0x00000000c4d00000|100%| S|CS|TAMS 0x00000000c4c00000| PB 0x00000000c4c00000| Complete 
|  27|0x00000000c4d00000, 0x00000000c4e00000, 0x00000000c4e00000|100%| S|CS|TAMS 0x00000000c4d00000| PB 0x00000000c4d00000| Complete 
|  28|0x00000000c4e00000, 0x00000000c4e00000, 0x00000000c4f00000|  0%| F|  |TAMS 0x00000000c4e00000| PB 0x00000000c4e00000| Untracked 
|  29|0x00000000c4f00000, 0x00000000c4f00000, 0x00000000c5000000|  0%| F|  |TAMS 0x00000000c4f00000| PB 0x00000000c4f00000| Untracked 
|  30|0x00000000c5000000, 0x00000000c5000000, 0x00000000c5100000|  0%| F|  |TAMS 0x00000000c5000000| PB 0x00000000c5000000| Untracked 
|  31|0x00000000c5100000, 0x00000000c5100000, 0x00000000c5200000|  0%| F|  |TAMS 0x00000000c5100000| PB 0x00000000c5100000| Untracked 
|  32|0x00000000c5200000, 0x00000000c5200000, 0x00000000c5300000|  0%| F|  |TAMS 0x00000000c5200000| PB 0x00000000c5200000| Untracked 
|  33|0x00000000c5300000, 0x00000000c5300000, 0x00000000c5400000|  0%| F|  |TAMS 0x00000000c5300000| PB 0x00000000c5300000| Untracked 
|  34|0x00000000c5400000, 0x00000000c5400000, 0x00000000c5500000|  0%| F|  |TAMS 0x00000000c5400000| PB 0x00000000c5400000| Untracked 
|  35|0x00000000c5500000, 0x00000000c5500000, 0x00000000c5600000|  0%| F|  |TAMS 0x00000000c5500000| PB 0x00000000c5500000| Untracked 
|  36|0x00000000c5600000, 0x00000000c5600000, 0x00000000c5700000|  0%| F|  |TAMS 0x00000000c5600000| PB 0x00000000c5600000| Untracked 
|  37|0x00000000c5700000, 0x00000000c5700000, 0x00000000c5800000|  0%| F|  |TAMS 0x00000000c5700000| PB 0x00000000c5700000| Untracked 
|  38|0x00000000c5800000, 0x00000000c5800000, 0x00000000c5900000|  0%| F|  |TAMS 0x00000000c5800000| PB 0x00000000c5800000| Untracked 
|  39|0x00000000c5900000, 0x00000000c5900000, 0x00000000c5a00000|  0%| F|  |TAMS 0x00000000c5900000| PB 0x00000000c5900000| Untracked 
|  40|0x00000000c5a00000, 0x00000000c5a00000, 0x00000000c5b00000|  0%| F|  |TAMS 0x00000000c5a00000| PB 0x00000000c5a00000| Untracked 
|  41|0x00000000c5b00000, 0x00000000c5b00000, 0x00000000c5c00000|  0%| F|  |TAMS 0x00000000c5b00000| PB 0x00000000c5b00000| Untracked 
|  42|0x00000000c5c00000, 0x00000000c5c00000, 0x00000000c5d00000|  0%| F|  |TAMS 0x00000000c5c00000| PB 0x00000000c5c00000| Untracked 
|  43|0x00000000c5d00000, 0x00000000c5d00000, 0x00000000c5e00000|  0%| F|  |TAMS 0x00000000c5d00000| PB 0x00000000c5d00000| Untracked 
|  44|0x00000000c5e00000, 0x00000000c5e00000, 0x00000000c5f00000|  0%| F|  |TAMS 0x00000000c5e00000| PB 0x00000000c5e00000| Untracked 
|  45|0x00000000c5f00000, 0x00000000c5f00000, 0x00000000c6000000|  0%| F|  |TAMS 0x00000000c5f00000| PB 0x00000000c5f00000| Untracked 
|  46|0x00000000c6000000, 0x00000000c6000000, 0x00000000c6100000|  0%| F|  |TAMS 0x00000000c6000000| PB 0x00000000c6000000| Untracked 
|  47|0x00000000c6100000, 0x00000000c6100000, 0x00000000c6200000|  0%| F|  |TAMS 0x00000000c6100000| PB 0x00000000c6100000| Untracked 
|  48|0x00000000c6200000, 0x00000000c6200000, 0x00000000c6300000|  0%| F|  |TAMS 0x00000000c6200000| PB 0x00000000c6200000| Untracked 
|  49|0x00000000c6300000, 0x00000000c6300000, 0x00000000c6400000|  0%| F|  |TAMS 0x00000000c6300000| PB 0x00000000c6300000| Untracked 
|  50|0x00000000c6400000, 0x00000000c6400000, 0x00000000c6500000|  0%| F|  |TAMS 0x00000000c6400000| PB 0x00000000c6400000| Untracked 
|  51|0x00000000c6500000, 0x00000000c6500000, 0x00000000c6600000|  0%| F|  |TAMS 0x00000000c6500000| PB 0x00000000c6500000| Untracked 
|  52|0x00000000c6600000, 0x00000000c6600000, 0x00000000c6700000|  0%| F|  |TAMS 0x00000000c6600000| PB 0x00000000c6600000| Untracked 
|  53|0x00000000c6700000, 0x00000000c6700000, 0x00000000c6800000|  0%| F|  |TAMS 0x00000000c6700000| PB 0x00000000c6700000| Untracked 
|  54|0x00000000c6800000, 0x00000000c6800000, 0x00000000c6900000|  0%| F|  |TAMS 0x00000000c6800000| PB 0x00000000c6800000| Untracked 
|  55|0x00000000c6900000, 0x00000000c6900000, 0x00000000c6a00000|  0%| F|  |TAMS 0x00000000c6900000| PB 0x00000000c6900000| Untracked 
|  56|0x00000000c6a00000, 0x00000000c6a00000, 0x00000000c6b00000|  0%| F|  |TAMS 0x00000000c6a00000| PB 0x00000000c6a00000| Untracked 
|  57|0x00000000c6b00000, 0x00000000c6b00000, 0x00000000c6c00000|  0%| F|  |TAMS 0x00000000c6b00000| PB 0x00000000c6b00000| Untracked 
|  58|0x00000000c6c00000, 0x00000000c6d00000, 0x00000000c6d00000|100%| E|  |TAMS 0x00000000c6c00000| PB 0x00000000c6c00000| Complete 
|  59|0x00000000c6d00000, 0x00000000c6e00000, 0x00000000c6e00000|100%| E|CS|TAMS 0x00000000c6d00000| PB 0x00000000c6d00000| Complete 
|  60|0x00000000c6e00000, 0x00000000c6f00000, 0x00000000c6f00000|100%| E|CS|TAMS 0x00000000c6e00000| PB 0x00000000c6e00000| Complete 
|  61|0x00000000c6f00000, 0x00000000c7000000, 0x00000000c7000000|100%| E|CS|TAMS 0x00000000c6f00000| PB 0x00000000c6f00000| Complete 

Card table byte_map: [0x000001b076930000,0x000001b076b20000] _byte_map_base: 0x000001b076317000

Marking Bits: (CMBitMap*) 0x000001b06e0a64c0
 Bits: [0x000001b076b20000, 0x000001b077a58000)

Polling page: 0x000001b06d7a0000

Metaspace:

Usage:
  Non-class:     16.62 MB used.
      Class:      2.38 MB used.
       Both:     19.00 MB used.

Virtual space:
  Non-class space:       64.00 MB reserved,      16.75 MB ( 26%) committed,  1 nodes.
      Class space:        1.00 GB reserved,       2.50 MB ( <1%) committed,  1 nodes.
             Both:        1.06 GB reserved,      19.25 MB (  2%) committed. 

Chunk freelists:
   Non-Class:  15.17 MB
       Class:  13.51 MB
        Both:  28.68 MB

MaxMetaspaceSize: unlimited
CompressedClassSpaceSize: 1.00 GB
Initial GC threshold: 21.00 MB
Current GC threshold: 21.00 MB
CDS: on
 - commit_granule_bytes: 65536.
 - commit_granule_words: 8192.
 - virtual_space_node_default_size: 8388608.
 - enlarge_chunks_in_place: 1.
 - use_allocation_guard: 0.


Internal statistics:

num_allocs_failed_limit: 0.
num_arena_births: 270.
num_arena_deaths: 0.
num_vsnodes_births: 2.
num_vsnodes_deaths: 0.
num_space_committed: 308.
num_space_uncommitted: 0.
num_chunks_returned_to_freelist: 0.
num_chunks_taken_from_freelist: 906.
num_chunk_merges: 0.
num_chunk_splits: 617.
num_chunks_enlarged: 462.
num_inconsistent_stats: 0.

CodeHeap 'non-profiled nmethods': size=120000Kb used=978Kb max_used=978Kb free=119021Kb
 bounds [0x000001b007ad0000, 0x000001b007d40000, 0x000001b00f000000]
CodeHeap 'profiled nmethods': size=120000Kb used=5417Kb max_used=5417Kb free=114582Kb
 bounds [0x000001b000000000, 0x000001b000550000, 0x000001b007530000]
CodeHeap 'non-nmethods': size=5760Kb used=1577Kb max_used=1602Kb free=4182Kb
 bounds [0x000001b007530000, 0x000001b0077a0000, 0x000001b007ad0000]
 total_blobs=3178 nmethods=2659 adapters=423
 compilation: enabled
              stopped_count=0, restarted_count=0
 full_count=0

Compilation events (20 events):
Event: 2.722 Thread 0x000001b079ef1cf0 2659       3       java.nio.charset.CharsetDecoder::<init> (100 bytes)
Event: 2.722 Thread 0x000001b079ef1cf0 nmethod 2659 0x000001b000546a10 code [0x000001b000546c40, 0x000001b0005472f0]
Event: 2.722 Thread 0x000001b079ef1cf0 2660       3       java.nio.charset.CharsetDecoder::replaceWith (68 bytes)
Event: 2.722 Thread 0x000001b079ef1cf0 nmethod 2660 0x000001b000547490 code [0x000001b0005476a0, 0x000001b000547ce8]
Event: 2.722 Thread 0x000001b079ef1cf0 2661       3       java.nio.charset.CharsetDecoder::implReplaceWith (1 bytes)
Event: 2.723 Thread 0x000001b079ef1cf0 nmethod 2661 0x000001b000547f10 code [0x000001b0005480a0, 0x000001b0005481a8]
Event: 2.723 Thread 0x000001b079ef1cf0 2662       3       java.io.OutputStream::flush (1 bytes)
Event: 2.723 Thread 0x000001b079ef1cf0 nmethod 2662 0x000001b000548210 code [0x000001b0005483a0, 0x000001b0005484a8]
Event: 2.723 Thread 0x000001b079ef1cf0 2663       3       java.util.LinkedHashMap::get (29 bytes)
Event: 2.723 Thread 0x000001b079ef1cf0 nmethod 2663 0x000001b000548510 code [0x000001b0005486e0, 0x000001b0005489a0]
Event: 2.727 Thread 0x000001b079ef1cf0 2664       3       org.springframework.core.io.AbstractFileResolvingResource::<init> (5 bytes)
Event: 2.727 Thread 0x000001b079ef1cf0 nmethod 2664 0x000001b000548a90 code [0x000001b000548c40, 0x000001b000548e08]
Event: 2.727 Thread 0x000001b079ef1cf0 2665       3       org.springframework.core.annotation.MergedAnnotationsCollection::spliterator (10 bytes)
Event: 2.728 Thread 0x000001b079ef1cf0 nmethod 2665 0x000001b000548f10 code [0x000001b0005490c0, 0x000001b0005494a0]
Event: 2.728 Thread 0x000001b079ef1cf0 2666       3       org.springframework.core.annotation.MergedAnnotationsCollection$AnnotationsSpliterator::<init> (26 bytes)
Event: 2.728 Thread 0x000001b079ef1cf0 nmethod 2666 0x000001b000549610 code [0x000001b0005497c0, 0x000001b000549ae8]
Event: 2.729 Thread 0x000001b079ef1cf0 2667       3       java.nio.HeapCharBuffer::<init> (21 bytes)
Event: 2.729 Thread 0x000001b079ef1cf0 nmethod 2667 0x000001b000549c10 code [0x000001b000549dc0, 0x000001b000549fe8]
Event: 2.730 Thread 0x000001b079ef1cf0 2668       3       org.springframework.core.annotation.MergedAnnotation$Adapt::addIfTrue (13 bytes)
Event: 2.730 Thread 0x000001b079ef1cf0 nmethod 2668 0x000001b00054a110 code [0x000001b00054a2c0, 0x000001b00054a4a8]

GC Heap History (8 events):
Event: 0.693 GC heap before
{Heap before GC invocations=0 (full 0):
 garbage-first heap   total 63488K, used 13312K [0x00000000c3200000, 0x0000000100000000)
  region size 1024K, 13 young (13312K), 0 survivors (0K)
 Metaspace       used 2801K, committed 3072K, reserved 1114112K
  class space    used 257K, committed 384K, reserved 1048576K
}
Event: 0.698 GC heap after
{Heap after GC invocations=1 (full 0):
 garbage-first heap   total 63488K, used 7616K [0x00000000c3200000, 0x0000000100000000)
  region size 1024K, 2 young (2048K), 2 survivors (2048K)
 Metaspace       used 2801K, committed 3072K, reserved 1114112K
  class space    used 257K, committed 384K, reserved 1048576K
}
Event: 1.058 GC heap before
{Heap before GC invocations=1 (full 0):
 garbage-first heap   total 63488K, used 17856K [0x00000000c3200000, 0x0000000100000000)
  region size 1024K, 12 young (12288K), 2 survivors (2048K)
 Metaspace       used 6100K, committed 6272K, reserved 1114112K
  class space    used 675K, committed 768K, reserved 1048576K
}
Event: 1.062 GC heap after
{Heap after GC invocations=2 (full 0):
 garbage-first heap   total 63488K, used 8664K [0x00000000c3200000, 0x0000000100000000)
  region size 1024K, 1 young (1024K), 1 survivors (1024K)
 Metaspace       used 6100K, committed 6272K, reserved 1114112K
  class space    used 675K, committed 768K, reserved 1048576K
}
Event: 1.859 GC heap before
{Heap before GC invocations=2 (full 0):
 garbage-first heap   total 63488K, used 34264K [0x00000000c3200000, 0x0000000100000000)
  region size 1024K, 27 young (27648K), 1 survivors (1024K)
 Metaspace       used 12873K, committed 13184K, reserved 1114112K
  class space    used 1663K, committed 1792K, reserved 1048576K
}
Event: 1.863 GC heap after
{Heap after GC invocations=3 (full 0):
 garbage-first heap   total 63488K, used 11340K [0x00000000c3200000, 0x0000000100000000)
  region size 1024K, 4 young (4096K), 4 survivors (4096K)
 Metaspace       used 12873K, committed 13184K, reserved 1114112K
  class space    used 1663K, committed 1792K, reserved 1048576K
}
Event: 2.377 GC heap before
{Heap before GC invocations=3 (full 0):
 garbage-first heap   total 63488K, used 42060K [0x00000000c3200000, 0x0000000100000000)
  region size 1024K, 34 young (34816K), 4 survivors (4096K)
 Metaspace       used 19078K, committed 19392K, reserved 1114112K
  class space    used 2378K, committed 2496K, reserved 1048576K
}
Event: 2.384 GC heap after
{Heap after GC invocations=4 (full 0):
 garbage-first heap   total 63488K, used 13817K [0x00000000c3200000, 0x0000000100000000)
  region size 1024K, 5 young (5120K), 5 survivors (5120K)
 Metaspace       used 19078K, committed 19392K, reserved 1114112K
  class space    used 2378K, committed 2496K, reserved 1048576K
}

Dll operation events (10 events):
Event: 0.014 Loaded shared library C:\Users\Família Pinheiro\.jdks\corretto-21.0.4\bin\java.dll
Event: 0.075 Loaded shared library C:\Users\Família Pinheiro\.jdks\corretto-21.0.4\bin\jsvml.dll
Event: 0.257 Loaded shared library C:\Users\Família Pinheiro\.jdks\corretto-21.0.4\bin\zip.dll
Event: 0.263 Loaded shared library C:\Users\Família Pinheiro\.jdks\corretto-21.0.4\bin\instrument.dll
Event: 0.268 Loaded shared library C:\Users\Família Pinheiro\.jdks\corretto-21.0.4\bin\net.dll
Event: 0.270 Loaded shared library C:\Users\Família Pinheiro\.jdks\corretto-21.0.4\bin\nio.dll
Event: 0.278 Loaded shared library C:\Users\Família Pinheiro\.jdks\corretto-21.0.4\bin\zip.dll
Event: 0.531 Loaded shared library C:\Users\Família Pinheiro\AppData\Local\Programs\IntelliJ IDEA Community Edition\bin\breakgen64.dll
Event: 0.548 Loaded shared library C:\Users\Família Pinheiro\.jdks\corretto-21.0.4\bin\extnet.dll
Event: 0.573 Loaded shared library C:\Users\Família Pinheiro\.jdks\corretto-21.0.4\bin\jimage.dll

Deoptimization events (20 events):
Event: 2.104 Thread 0x000001b07f2addf0 Uncommon trap: trap_request=0xffffff45 fr.pc=0x000001b007b3a054 relative=0x0000000000000054
Event: 2.104 Thread 0x000001b07f2addf0 Uncommon trap: reason=unstable_if action=reinterpret pc=0x000001b007b3a054 method=java.lang.CharacterData.of(I)Ljava/lang/CharacterData; @ 4 c2
Event: 2.104 Thread 0x000001b07f2addf0 DEOPT PACKING pc=0x000001b007b3a054 sp=0x00000098527fd070
Event: 2.104 Thread 0x000001b07f2addf0 DEOPT UNPACKING pc=0x000001b007587da2 sp=0x00000098527fd008 mode 2
Event: 2.150 Thread 0x000001b06e06dcb0 Uncommon trap: trap_request=0xffffff45 fr.pc=0x000001b007b81154 relative=0x0000000000000c54
Event: 2.150 Thread 0x000001b06e06dcb0 Uncommon trap: reason=unstable_if action=reinterpret pc=0x000001b007b81154 method=jdk.internal.org.objectweb.asm.Frame.execute(IILjdk/internal/org/objectweb/asm/Symbol;Ljdk/internal/org/objectweb/asm/SymbolTable;)V @ 1 c2
Event: 2.150 Thread 0x000001b06e06dcb0 DEOPT PACKING pc=0x000001b007b81154 sp=0x00000098511fc640
Event: 2.150 Thread 0x000001b06e06dcb0 DEOPT UNPACKING pc=0x000001b007587da2 sp=0x00000098511fc5a8 mode 2
Event: 2.151 Thread 0x000001b06e06dcb0 Uncommon trap: trap_request=0xffffff45 fr.pc=0x000001b007b4cb58 relative=0x0000000000000ab8
Event: 2.151 Thread 0x000001b06e06dcb0 Uncommon trap: reason=unstable_if action=reinterpret pc=0x000001b007b4cb58 method=jdk.internal.org.objectweb.asm.SymbolTable.put(Ljdk/internal/org/objectweb/asm/SymbolTable$Entry;)Ljdk/internal/org/objectweb/asm/SymbolTable$Entry; @ 13 c2
Event: 2.151 Thread 0x000001b06e06dcb0 DEOPT PACKING pc=0x000001b007b4cb58 sp=0x00000098511fc6a0
Event: 2.151 Thread 0x000001b06e06dcb0 DEOPT UNPACKING pc=0x000001b007587da2 sp=0x00000098511fc5c8 mode 2
Event: 2.386 Thread 0x000001b06e06dcb0 Uncommon trap: trap_request=0xffffff45 fr.pc=0x000001b007bbdd50 relative=0x00000000000015f0
Event: 2.386 Thread 0x000001b06e06dcb0 Uncommon trap: reason=unstable_if action=reinterpret pc=0x000001b007bbdd50 method=java.util.jar.JarFile.getVersionedEntry(Ljava/lang/String;Ljava/util/jar/JarEntry;)Ljava/util/jar/JarEntry; @ 26 c2
Event: 2.386 Thread 0x000001b06e06dcb0 DEOPT PACKING pc=0x000001b007bbdd50 sp=0x00000098511fdf70
Event: 2.386 Thread 0x000001b06e06dcb0 DEOPT UNPACKING pc=0x000001b007587da2 sp=0x00000098511fdf80 mode 2
Event: 2.634 Thread 0x000001b07f2addf0 Uncommon trap: trap_request=0xffffff45 fr.pc=0x000001b007bb07f8 relative=0x0000000000000318
Event: 2.634 Thread 0x000001b07f2addf0 Uncommon trap: reason=unstable_if action=reinterpret pc=0x000001b007bb07f8 method=java.util.LinkedHashMap.get(Ljava/lang/Object;)Ljava/lang/Object; @ 16 c2
Event: 2.634 Thread 0x000001b07f2addf0 DEOPT PACKING pc=0x000001b007bb07f8 sp=0x00000098527fe310
Event: 2.634 Thread 0x000001b07f2addf0 DEOPT UNPACKING pc=0x000001b007587da2 sp=0x00000098527fe2b8 mode 2

Classes loaded (20 events):
Event: 2.627 Loading class java/util/spi/ResourceBundleControlProvider
Event: 2.627 Loading class java/util/spi/ResourceBundleControlProvider done
Event: 2.628 Loading class java/util/ResourceBundle$CacheKey
Event: 2.628 Loading class java/util/ResourceBundle$CacheKey done
Event: 2.629 Loading class java/util/ResourceBundle$KeyElementReference
Event: 2.629 Loading class java/util/ResourceBundle$CacheKeyReference
Event: 2.629 Loading class java/util/ResourceBundle$CacheKeyReference done
Event: 2.629 Loading class java/util/ResourceBundle$KeyElementReference done
Event: 2.629 Loading class java/util/ResourceBundle$Control$2
Event: 2.629 Loading class java/util/ResourceBundle$Control$2 done
Event: 2.630 Loading class java/util/PropertyResourceBundle
Event: 2.630 Loading class java/util/PropertyResourceBundle done
Event: 2.630 Loading class sun/util/PropertyResourceBundleCharset
Event: 2.631 Loading class sun/util/PropertyResourceBundleCharset done
Event: 2.631 Loading class sun/util/PropertyResourceBundleCharset$PropertiesFileDecoder
Event: 2.631 Loading class sun/util/PropertyResourceBundleCharset$PropertiesFileDecoder done
Event: 2.632 Loading class java/util/ResourceBundle$BundleReference
Event: 2.633 Loading class java/util/ResourceBundle$BundleReference done
Event: 2.726 Loading class javax/management/MBeanRegistration
Event: 2.727 Loading class javax/management/MBeanRegistration done

Classes unloaded (0 events):
No events

Classes redefined (0 events):
No events

Internal exceptions (20 events):
Event: 1.423 Thread 0x000001b06e06dcb0 Exception <a 'java/lang/NoSuchMethodError'{0x00000000c68e1b90}: 'void java.lang.invoke.DirectMethodHandle$Holder.invokeStaticInit(java.lang.Object, java.lang.Object, java.lang.Object)'> (0x00000000c68e1b90) 
thrown [s\src\hotspot\share\interpreter\linkResolver.cpp, line 773]
Event: 1.429 Thread 0x000001b06e06dcb0 Exception <a 'java/lang/NoSuchMethodError'{0x00000000c67270b8}: 'java.lang.Object java.lang.invoke.DirectMethodHandle$Holder.invokeVirtual(java.lang.Object, java.lang.Object, java.lang.Object)'> (0x00000000c67270b8) 
thrown [s\src\hotspot\share\interpreter\linkResolver.cpp, line 773]
Event: 1.438 Thread 0x000001b06e06dcb0 Exception <a 'java/lang/NoSuchMethodError'{0x00000000c6747430}: 'java.lang.Object java.lang.invoke.DirectMethodHandle$Holder.invokeStatic(java.lang.Object, long, java.lang.Object)'> (0x00000000c6747430) 
thrown [s\src\hotspot\share\interpreter\linkResolver.cpp, line 773]
Event: 1.438 Thread 0x000001b06e06dcb0 Exception <a 'java/lang/NoSuchMethodError'{0x00000000c674aab8}: 'java.lang.Object java.lang.invoke.DirectMethodHandle$Holder.invokeStaticInit(java.lang.Object, long, java.lang.Object)'> (0x00000000c674aab8) 
thrown [s\src\hotspot\share\interpreter\linkResolver.cpp, line 773]
Event: 1.439 Thread 0x000001b06e06dcb0 Exception <a 'java/lang/NoSuchMethodError'{0x00000000c67505f0}: 'java.lang.Object java.lang.invoke.DirectMethodHandle$Holder.newInvokeSpecial(java.lang.Object, long)'> (0x00000000c67505f0) 
thrown [s\src\hotspot\share\interpreter\linkResolver.cpp, line 773]
Event: 1.468 Thread 0x000001b06e06dcb0 Exception <a 'java/lang/NoSuchMethodError'{0x00000000c679ce58}: 'void java.lang.invoke.DirectMethodHandle$Holder.invokeSpecial(java.lang.Object, java.lang.Object, java.lang.Object, java.lang.Object, java.lang.Object)'> (0x00000000c679ce58) 
thrown [s\src\hotspot\share\interpreter\linkResolver.cpp, line 773]
Event: 1.471 Thread 0x000001b06e06dcb0 Exception <a 'java/lang/NoSuchMethodError'{0x00000000c67a47f0}: 'void java.lang.invoke.DirectMethodHandle$Holder.invokeVirtual(java.lang.Object, java.lang.Object, java.lang.Object, java.lang.Object)'> (0x00000000c67a47f0) 
thrown [s\src\hotspot\share\interpreter\linkResolver.cpp, line 773]
Event: 1.520 Thread 0x000001b06e06dcb0 Exception <a 'java/lang/NoSuchMethodError'{0x00000000c66d76c8}: 'void java.lang.invoke.DirectMethodHandle$Holder.invokeSpecial(java.lang.Object, java.lang.Object, java.lang.Object)'> (0x00000000c66d76c8) 
thrown [s\src\hotspot\share\interpreter\linkResolver.cpp, line 773]
Event: 1.538 Thread 0x000001b06e06dcb0 Exception <a 'java/lang/IncompatibleClassChangeError'{0x00000000c643c4a8}: Found class java.lang.Object, but interface was expected> (0x00000000c643c4a8) 
thrown [s\src\hotspot\share\interpreter\linkResolver.cpp, line 840]
Event: 1.546 Thread 0x000001b06e06dcb0 Exception <a 'java/lang/NoSuchMethodError'{0x00000000c6450b50}: 'java.lang.Object java.lang.invoke.DirectMethodHandle$Holder.invokeStaticInit(java.lang.Object, int)'> (0x00000000c6450b50) 
thrown [s\src\hotspot\share\interpreter\linkResolver.cpp, line 773]
Event: 1.549 Thread 0x000001b06e06dcb0 Exception <a 'java/lang/NoSuchMethodError'{0x00000000c645b048}: 'java.lang.Object java.lang.invoke.DirectMethodHandle$Holder.invokeStatic(java.lang.Object, int, java.lang.Object)'> (0x00000000c645b048) 
thrown [s\src\hotspot\share\interpreter\linkResolver.cpp, line 773]
Event: 1.550 Thread 0x000001b06e06dcb0 Exception <a 'java/lang/NoSuchMethodError'{0x00000000c645e6c8}: 'java.lang.Object java.lang.invoke.DirectMethodHandle$Holder.invokeStaticInit(java.lang.Object, int, java.lang.Object)'> (0x00000000c645e6c8) 
thrown [s\src\hotspot\share\interpreter\linkResolver.cpp, line 773]
Event: 1.916 Thread 0x000001b06e06dcb0 Exception <a 'java/lang/NoSuchMethodError'{0x00000000c6c61a50}: 'int java.lang.invoke.DirectMethodHandle$Holder.invokeSpecial(java.lang.Object, java.lang.Object, java.lang.Object, java.lang.Object, java.lang.Object)'> (0x00000000c6c61a50) 
thrown [s\src\hotspot\share\interpreter\linkResolver.cpp, line 773]
Event: 1.919 Thread 0x000001b06e06dcb0 Exception <a 'java/lang/NoSuchMethodError'{0x00000000c6c69d58}: 'void java.lang.invoke.DirectMethodHandle$Holder.invokeVirtual(java.lang.Object, java.lang.Object)'> (0x00000000c6c69d58) 
thrown [s\src\hotspot\share\interpreter\linkResolver.cpp, line 773]
Event: 2.387 Thread 0x000001b07f2addf0 Exception <a 'java/lang/NoSuchMethodError'{0x00000000c6f721e8}: 'long java.lang.invoke.DirectMethodHandle$Holder.invokeSpecial(java.lang.Object, java.lang.Object)'> (0x00000000c6f721e8) 
thrown [s\src\hotspot\share\interpreter\linkResolver.cpp, line 773]
Event: 2.388 Thread 0x000001b07f2addf0 Exception <a 'java/lang/NoSuchMethodError'{0x00000000c6f7c090}: 'long java.lang.invoke.DirectMethodHandle$Holder.invokeStatic(java.lang.Object, java.lang.Object)'> (0x00000000c6f7c090) 
thrown [s\src\hotspot\share\interpreter\linkResolver.cpp, line 773]
Event: 2.389 Thread 0x000001b07f2addf0 Exception <a 'java/lang/NoSuchMethodError'{0x00000000c6f7f428}: 'long java.lang.invoke.DirectMethodHandle$Holder.invokeStaticInit(java.lang.Object, java.lang.Object)'> (0x00000000c6f7f428) 
thrown [s\src\hotspot\share\interpreter\linkResolver.cpp, line 773]
Event: 2.390 Thread 0x000001b07f2addf0 Exception <a 'java/lang/NoSuchMethodError'{0x00000000c6f8b8d0}: 'long java.lang.invoke.DirectMethodHandle$Holder.invokeInterface(java.lang.Object, java.lang.Object)'> (0x00000000c6f8b8d0) 
thrown [s\src\hotspot\share\interpreter\linkResolver.cpp, line 773]
Event: 2.390 Thread 0x000001b07f2addf0 Exception <a 'java/lang/IncompatibleClassChangeError'{0x00000000c6f8eb90}: Found class java.lang.Object, but interface was expected> (0x00000000c6f8eb90) 
thrown [s\src\hotspot\share\interpreter\linkResolver.cpp, line 840]
Event: 2.528 Thread 0x000001b07f2addf0 Exception <a 'java/lang/NoSuchMethodError'{0x00000000c6e81370}: 'java.lang.Object java.lang.invoke.DirectMethodHandle$Holder.invokeVirtual(java.lang.Object, java.lang.Object, java.lang.Object, java.lang.Object)'> (0x00000000c6e81370) 
thrown [s\src\hotspot\share\interpreter\linkResolver.cpp, line 773]

ZGC Phase Switch (0 events):
No events

VM Operations (20 events):
Event: 1.517 Executing VM operation: HandshakeAllThreads (Deoptimize)
Event: 1.517 Executing VM operation: HandshakeAllThreads (Deoptimize) done
Event: 1.517 Executing VM operation: HandshakeAllThreads (Deoptimize)
Event: 1.517 Executing VM operation: HandshakeAllThreads (Deoptimize) done
Event: 1.526 Executing VM operation: ICBufferFull
Event: 1.526 Executing VM operation: ICBufferFull done
Event: 1.837 Executing VM operation: HandshakeAllThreads (Deoptimize)
Event: 1.837 Executing VM operation: HandshakeAllThreads (Deoptimize) done
Event: 1.859 Executing VM operation: G1CollectForAllocation (G1 Evacuation Pause)
Event: 1.863 Executing VM operation: G1CollectForAllocation (G1 Evacuation Pause) done
Event: 1.893 Executing VM operation: HandshakeAllThreads (Deoptimize)
Event: 1.894 Executing VM operation: HandshakeAllThreads (Deoptimize) done
Event: 2.014 Executing VM operation: HandshakeAllThreads (Deoptimize)
Event: 2.015 Executing VM operation: HandshakeAllThreads (Deoptimize) done
Event: 2.105 Executing VM operation: HandshakeAllThreads (Deoptimize)
Event: 2.105 Executing VM operation: HandshakeAllThreads (Deoptimize) done
Event: 2.344 Executing VM operation: ICBufferFull
Event: 2.344 Executing VM operation: ICBufferFull done
Event: 2.377 Executing VM operation: G1CollectForAllocation (G1 Evacuation Pause)
Event: 2.384 Executing VM operation: G1CollectForAllocation (G1 Evacuation Pause) done

Memory protections (0 events):
No events

Nmethod flushes (0 events):
No events

Events (13 events):
Event: 0.036 Thread 0x000001b06e06dcb0 Thread added: 0x000001b06e06dcb0
Event: 0.067 Thread 0x000001b06e06dcb0 Thread added: 0x000001b079ee5090
Event: 0.067 Thread 0x000001b06e06dcb0 Thread added: 0x000001b079ee5f90
Event: 0.068 Thread 0x000001b06e06dcb0 Thread added: 0x000001b079eeb730
Event: 0.069 Thread 0x000001b06e06dcb0 Thread added: 0x000001b079eec280
Event: 0.069 Thread 0x000001b06e06dcb0 Thread added: 0x000001b079eecdd0
Event: 0.069 Thread 0x000001b06e06dcb0 Thread added: 0x000001b079eee9f0
Event: 0.069 Thread 0x000001b06e06dcb0 Thread added: 0x000001b079eef780
Event: 0.069 Thread 0x000001b06e06dcb0 Thread added: 0x000001b079ef1cf0
Event: 0.240 Thread 0x000001b06e06dcb0 Thread added: 0x000001b079eb2820
Event: 0.532 Thread 0x000001b06e06dcb0 Thread added: 0x000001b07e421570
Event: 0.532 Thread 0x000001b06e06dcb0 Thread added: 0x000001b07e421be0
Event: 1.529 Thread 0x000001b06e06dcb0 Thread added: 0x000001b07f2addf0


Dynamic libraries:
0x00007ff7fb9e0000 - 0x00007ff7fb9ee000 	C:\Users\Família Pinheiro\.jdks\corretto-21.0.4\bin\java.exe
0x00007ff8acde0000 - 0x00007ff8ad048000 	C:\WINDOWS\SYSTEM32\ntdll.dll
0x00007ff8abe60000 - 0x00007ff8abf29000 	C:\WINDOWS\System32\KERNEL32.DLL
0x00007ff8aa710000 - 0x00007ff8aab02000 	C:\WINDOWS\System32\KERNELBASE.dll
0x00007ff8aa3b0000 - 0x00007ff8aa4fb000 	C:\WINDOWS\System32\ucrtbase.dll
0x00007ff8a6790000 - 0x00007ff8a67a8000 	C:\Users\Família Pinheiro\.jdks\corretto-21.0.4\bin\jli.dll
0x00007ff8a69d0000 - 0x00007ff8a69eb000 	C:\Users\Família Pinheiro\.jdks\corretto-21.0.4\bin\VCRUNTIME140.dll
0x00007ff8ab4a0000 - 0x00007ff8ab665000 	C:\WINDOWS\System32\USER32.dll
0x00007ff8aa380000 - 0x00007ff8aa3a7000 	C:\WINDOWS\System32\win32u.dll
0x00007ff8ac440000 - 0x00007ff8ac46b000 	C:\WINDOWS\System32\GDI32.dll
0x00007ff895430000 - 0x00007ff8956c3000 	C:\WINDOWS\WinSxS\amd64_microsoft.windows.common-controls_6595b64144ccf1df_6.0.26100.6899_none_3e0efeeae32e88c1\COMCTL32.dll
0x00007ff8a9f70000 - 0x00007ff8aa09d000 	C:\WINDOWS\System32\gdi32full.dll
0x00007ff8aa2d0000 - 0x00007ff8aa373000 	C:\WINDOWS\System32\msvcp_win.dll
0x00007ff8abf30000 - 0x00007ff8abfd9000 	C:\WINDOWS\System32\msvcrt.dll
0x00007ff8aac30000 - 0x00007ff8aac5f000 	C:\WINDOWS\System32\IMM32.DLL
0x00007ff8a4ba0000 - 0x00007ff8a4bac000 	C:\Users\Família Pinheiro\.jdks\corretto-21.0.4\bin\vcruntime140_1.dll
0x00007ff893370000 - 0x00007ff8933fd000 	C:\Users\Família Pinheiro\.jdks\corretto-21.0.4\bin\msvcp140.dll
0x00007ff843560000 - 0x00007ff8442f6000 	C:\Users\Família Pinheiro\.jdks\corretto-21.0.4\bin\server\jvm.dll
0x00007ff8ab670000 - 0x00007ff8ab724000 	C:\WINDOWS\System32\ADVAPI32.dll
0x00007ff8ab730000 - 0x00007ff8ab7d6000 	C:\WINDOWS\System32\sechost.dll
0x00007ff8aac70000 - 0x00007ff8aad88000 	C:\WINDOWS\System32\RPCRT4.dll
0x00007ff8aabb0000 - 0x00007ff8aac24000 	C:\WINDOWS\System32\WS2_32.dll
0x00007ff8a9dd0000 - 0x00007ff8a9e2e000 	C:\WINDOWS\SYSTEM32\POWRPROF.dll
0x00007ff899980000 - 0x00007ff89998b000 	C:\WINDOWS\SYSTEM32\VERSION.dll
0x00007ff8a2170000 - 0x00007ff8a21a5000 	C:\WINDOWS\SYSTEM32\WINMM.dll
0x00007ff8a9db0000 - 0x00007ff8a9dc4000 	C:\WINDOWS\SYSTEM32\UMPDC.dll
0x00007ff8a8d40000 - 0x00007ff8a8d5b000 	C:\WINDOWS\SYSTEM32\kernel.appcore.dll
0x00007ff8a45e0000 - 0x00007ff8a45ea000 	C:\Users\Família Pinheiro\.jdks\corretto-21.0.4\bin\jimage.dll
0x00007ff8a77c0000 - 0x00007ff8a7a02000 	C:\WINDOWS\SYSTEM32\DBGHELP.DLL
0x00007ff8aae80000 - 0x00007ff8ab1fb000 	C:\WINDOWS\System32\combase.dll
0x00007ff8aad90000 - 0x00007ff8aae67000 	C:\WINDOWS\System32\OLEAUT32.dll
0x00007ff88ba20000 - 0x00007ff88ba5c000 	C:\WINDOWS\SYSTEM32\dbgcore.DLL
0x00007ff8aab10000 - 0x00007ff8aaba8000 	C:\WINDOWS\System32\bcryptPrimitives.dll
0x00007ff8a45d0000 - 0x00007ff8a45de000 	C:\Users\Família Pinheiro\.jdks\corretto-21.0.4\bin\instrument.dll
0x00007ff8a3e10000 - 0x00007ff8a3e2f000 	C:\Users\Família Pinheiro\.jdks\corretto-21.0.4\bin\java.dll
0x00007ff8ac470000 - 0x00007ff8acbbd000 	C:\WINDOWS\System32\SHELL32.dll
0x00007ff8aa0a0000 - 0x00007ff8aa20b000 	C:\WINDOWS\System32\wintypes.dll
0x00007ff8a7bc0000 - 0x00007ff8a841d000 	C:\WINDOWS\SYSTEM32\windows.storage.dll
0x00007ff8ac000000 - 0x00007ff8ac0f2000 	C:\WINDOWS\System32\SHCORE.dll
0x00007ff8abc70000 - 0x00007ff8abcd2000 	C:\WINDOWS\System32\shlwapi.dll
0x00007ff8a9e90000 - 0x00007ff8a9eb9000 	C:\WINDOWS\SYSTEM32\profapi.dll
0x00007ff892ba0000 - 0x00007ff892c77000 	C:\Users\Família Pinheiro\.jdks\corretto-21.0.4\bin\jsvml.dll
0x00007ff899650000 - 0x00007ff899668000 	C:\Users\Família Pinheiro\.jdks\corretto-21.0.4\bin\zip.dll
0x00007ff8a45c0000 - 0x00007ff8a45d0000 	C:\Users\Família Pinheiro\.jdks\corretto-21.0.4\bin\net.dll
0x00007ff89bb90000 - 0x00007ff89bcaf000 	C:\WINDOWS\SYSTEM32\WINHTTP.dll
0x00007ff8a92b0000 - 0x00007ff8a931b000 	C:\WINDOWS\system32\mswsock.dll
0x00007ff89a750000 - 0x00007ff89a766000 	C:\Users\Família Pinheiro\.jdks\corretto-21.0.4\bin\nio.dll
0x00007ff898840000 - 0x00007ff89885a000 	C:\Users\Família Pinheiro\AppData\Local\Programs\IntelliJ IDEA Community Edition\bin\breakgen64.dll
0x00007ff89abb0000 - 0x00007ff89abb9000 	C:\Users\Família Pinheiro\.jdks\corretto-21.0.4\bin\extnet.dll

dbghelp: loaded successfully - version: 4.0.5 - missing functions: none
symbol engine: initialized successfully - sym options: 0x614 - pdb path: .;C:\Users\Família Pinheiro\.jdks\corretto-21.0.4\bin;C:\WINDOWS\SYSTEM32;C:\WINDOWS\WinSxS\amd64_microsoft.windows.common-controls_6595b64144ccf1df_6.0.26100.6899_none_3e0efeeae32e88c1;C:\Users\Família Pinheiro\.jdks\corretto-21.0.4\bin\serv;C:\Users\Família Pinheiro\.jdks\corretto-21.0.4\bin\ser;C:\Users\Família Pinheiro\.jdks\corretto-21.0.4\bin\se;C:\Users\Família Pinheiro\.jdks\corretto-21.0.4\bin\s;C:\Users\Família Pinheiro\.jdks\corretto-21.0.4\bin\;C:\Users\Família Pinheiro\.jdks\corretto-21.0.4\bin;C:\Users\Família Pinheiro\.jdks\corretto-21.0.4\bin\server;C:\Users\Família Pinheiro\AppData\Local\Programs\IntelliJ IDEA Community Ed;C:\Users\Família Pinheiro\AppData\Local\Programs\IntelliJ IDEA Community E

VM Arguments:
jvm_args: -javaagent:C:\Users\Família Pinheiro\AppData\Local\Programs\IntelliJ IDEA Community Edition\lib\idea_rt.jar=49208:C:\Users\Família Pinheiro\AppData\Local\Programs\IntelliJ IDEA Community Edition\bin -Dfile.encoding=UTF-8 -Dsun.stdout.encoding=UTF-8 -Dsun.stderr.encoding=UTF-8 
java_command: sptech.school.CRUD.CrudApplication
java_class_path (initial): C:\Cogni-Back\CogniFlow-Backend\CRUD\target\classes;C:\Users\Família Pinheiro\.m2\repository\org\springdoc\springdoc-openapi-starter-webmvc-ui\2.3.0\springdoc-openapi-starter-webmvc-ui-2.3.0.jar;C:\Users\Família Pinheiro\.m2\repository\org\webjars\swagger-ui\5.10.3\swagger-ui-5.10.3.jar;C:\Users\Família Pinheiro\.m2\repository\org\springdoc\springdoc-openapi-starter-webmvc-api\2.3.0\springdoc-openapi-starter-webmvc-api-2.3.0.jar;C:\Users\Família Pinheiro\.m2\repository\org\springdoc\springdoc-openapi-starter-common\2.3.0\springdoc-openapi-starter-common-2.3.0.jar;C:\Users\Família Pinheiro\.m2\repository\org\springframework\boot\spring-boot-autoconfigure\3.2.4\spring-boot-autoconfigure-3.2.4.jar;C:\Users\Família Pinheiro\.m2\repository\io\swagger\core\v3\swagger-core-jakarta\2.2.19\swagger-core-jakarta-2.2.19.jar;C:\Users\Família Pinheiro\.m2\repository\org\apache\commons\commons-lang3\3.13.0\commons-lang3-3.13.0.jar;C:\Users\Família Pinheiro\.m2\repository\io\swagger\core\v3\swagger-annotations-jakarta\2.2.19\swagger-annotations-jakarta-2.2.19.jar;C:\Users\Família Pinheiro\.m2\repository\io\swagger\core\v3\swagger-models-jakarta\2.2.19\swagger-models-jakarta-2.2.19.jar;C:\Users\Família Pinheiro\.m2\repository\com\fasterxml\jackson\dataformat\jackson-dataformat-yaml\2.15.4\jackson-dataformat-yaml-2.15.4.jar;C:\Users\Família Pinheiro\.m2\repository\org\springframework\spring-webmvc\6.1.5\spring-webmvc-6.1.5.jar;C:\Users\Família Pinheiro\.m2\repository\org\springframework\spring-beans\6.1.5\spring-beans-6.1.5.jar;C:\Users\Família Pinheiro\.m2\repository\org\springframework\spring-context\6.1.5\spring-context-6.1.5.jar;C:\Users\Família Pinheiro\.m2\repository\org\springframework\spring-expression\6.1.5\spring-expression-6.1.5.jar;C:\Users\Família Pinheiro\.m2\repository\org\springframework\boot\spring-boot-starter-webflux\3.2.4\spring-boot-starter-webflux-3.2.4.jar;C:\Users\Família Pinheiro\.m2\repository\org\springframework\boot\spring-boot-starter\3.2.4\spring-boot-starter-3.2.4.jar;C:\Users\Família Pinheiro\.m2\repository\org\springframework\boot\spring-boot\3.2.4\spring-boot-3.2.4.jar;C:\Users\Família Pinheiro\.m2\repository\org\springframework\boot\spring-boot-starter-logging\3.2.4\spring-boot-starter-logging-3.2.4.jar;C:\Users\Família Pinheiro\.m2\repository\ch\qos\logback\logback-classic\1.4.14\logback-classic-1.4.14.jar;C:\Users\Família Pinheiro\.m2\repository\ch\qos\logback\logback-core\1.4.14\logback-core-1.4.14.jar;C:\Users\Família Pinheiro\.m2\repository\org\apache\logging\log4j\log4j-to-slf4j\2.21.1\log4j-to-slf4j-2.21.1.jar;C:\Users\Família Pinheiro\.m2\repository\org\apache\logging\log4j\log4j-api\2.21.1\log4j-api-2.21.1.jar;C:\Users\Família Pinheiro\.m2\repository\org\slf4j\jul-to-slf4j\2.0.12\jul-to-slf4j-2.0.12.jar;C:\Users\Família Pinheiro\.m2\repository\jakarta\annotation\jakarta.annotation-api\2.1.1\jakarta.annotation-api-2.1.1.jar;C:\Users\Família Pinheiro\.m2\repository\org\yaml\snakeyaml\2.2\snakeyaml-2.2.jar;C:\Users\Família Pinheiro\.m2\repository\org\springframework\boot\spring-boot-starter-json\3.2.4\spring-boot-starter-json-3.2.4.jar;C:\Users\Família Pinheiro\.m2\repository\com\fasterxml\jackson\datatype\jackson-datatype-jdk8\2.15.4\jackson-datatype-jdk8-2.15.4.jar;C:\Users\Família Pinheiro\.m2\repository\com\fasterxml\jackson\datatype\jackson-datatype-jsr310\2.15.4\jackson-datatype-jsr310-2.15.4.jar;C:\Users\Família Pinheiro\.m2\repository\com\fasterxml\jackson\module\jackson-module-parameter-names\2.15.4\jackson-module-parameter-names-2.15.4.jar;C:\Users\Família Pinheiro\.m2\repository\org\springframework\boot\spring-boot-starter-reactor-netty\3.2.4\spring-boot-starter-reactor-netty-3.2.4.jar;C:\Users\Família Pinheiro\.m2\repository\io\projectreactor\netty\reactor-netty-http\1.1.17\reactor-netty-http-1.1.17.jar;C:\Users\Família Pinheiro\.m2\repository\io\netty\netty-codec-http\4.1.107.Final\netty-codec-http-4.1.107.Final.jar;C:\Users\Família Pinheiro\.m2\repository\io\netty\netty-common\4.1.107.Final\netty-common-4.1.107.Final.jar;C:\Users\Família Pinheiro\.m2\repository\io\netty\netty-buffer\4.1.107.Final\netty-buffer-4.1.107.Final.jar;C:\Users\Família Pinheiro\.m2\repository\io\netty\netty-transport\4.1.107.Final\netty-transport-4.1.107.Final.jar;C:\Users\Família Pinheiro\.m2\repository\io\netty\netty-codec\4.1.107.Final\netty-codec-4.1.107.Final.jar;C:\Users\Família Pinheiro\.m2\repository\io\netty\netty-handler\4.1.107.Final\netty-handler-4.1.107.Final.jar;C:\Users\Família Pinheiro\.m2\repository\io\netty\netty-codec-http2\4.1.107.Final\netty-codec-http2-4.1.107.Final.jar;C:\Users\Família Pinheiro\.m2\repository\io\netty\netty-resolver-dns\4.1.107.Final\netty-resolver-dns-4.1.107.Final.jar;C:\Users\Família Pinheiro\.m2\repository\io\netty\netty-resolver\4.1.107.Final\netty-resolver-4.1.107.Final.jar;C:\Users\Família Pinheiro\.m2\repository\io\netty\netty-codec-dns\4.1.107.Final\netty-codec-dns-4.1.107.Final.jar;C:\Users\Família Pinheiro\.m2\repository\io\netty\netty-resolver-dns-native-macos\4.1.107.Final\netty-resolver-dns-native-macos-4.1.107.Final-osx-x86_64.jar;C:\Users\Família Pinheiro\.m2\repository\io\netty\netty-resolver-dns-classes-macos\4.1.107.Final\netty-resolver-dns-classes-macos-4.1.107.Final.jar;C:\Users\Família Pinheiro\.m2\repository\io\netty\netty-transport-native-epoll\4.1.107.Final\netty-transport-native-epoll-4.1.107.Final-linux-x86_64.jar;C:\Users\Família Pinheiro\.m2\repository\io\netty\netty-transport-native-unix-common\4.1.107.Final\netty-transport-native-unix-common-4.1.107.Final.jar;C:\Users\Família Pinheiro\.m2\repository\io\netty\netty-transport-classes-epoll\4.1.107.Final\netty-transport-classes-epoll-4.1.107.Final.jar;C:\Users\Família Pinheiro\.m2\repository\io\projectreactor\netty\reactor-netty-core\1.1.17\reactor-netty-core-1.1.17.jar;C:\Users\Família Pinheiro\.m2\repository\io\netty\netty-handler-proxy\4.1.107.Final\netty-handler-proxy-4.1.107.Final.jar;C:\Users\Família Pinheiro\.m2\repository\io\netty\netty-codec-socks\4.1.107.Final\netty-codec-socks-4.1.107.Final.jar;C:\Users\Família Pinheiro\.m2\repository\org\springframework\spring-web\6.1.5\spring-web-6.1.5.jar;C:\Users\Família Pinheiro\.m2\repository\org\springframework\spring-webflux\6.1.5\spring-webflux-6.1.5.jar;C:\Users\Família Pinheiro\.m2\repository\io\projectreactor\reactor-core\3.6.4\reactor-core-3.6.4.jar;C:\Users\Família Pinheiro\.m2\repository\org\reactivestreams\reactive-streams\1.0.4\reactive-streams-1.0.4.jar;C:\Users\Família Pinheiro\.m2\repository\com\h2database\h2\2.2.224\h2-2.2.224.jar;C:\Users\Família Pinheiro\.m2\repository\org\springframework\boot\spring-boot-starter-security\3.2.4\spring-boot-starter-security-3.2.4.jar;C:\Users\Família Pinheiro\.m2\repository\org\springframework\spring-aop\6.1.5\spring-aop-6.1.5.jar;C:\Users\Família Pinheiro\.m2\repository\org\springframework\security\spring-security-config\6.2.3\spring-security-config-6.2.3.jar;C:\Users\Família Pinheiro\.m2\repository\org\springframework\security\spring-security-core\6.2.3\spring-security-core-6.2.3.jar;C:\Users\Família Pinheiro\.m2\repository\org\springframework\security\spring-security-crypto\6.2.3\spring-security-crypto-6.2.3.jar;C:\Users\Família Pinheiro\.m2\repository\org\springframework\security\spring-security-web\6.2.3\spring-security-web-6.2.3.jar;C:\Users\Família Pinheiro\.m2\repository\org\springframework\boot\spring-boot-starter-actuator\3.2.4\spring-boot-starter-actuator-3.2.4.jar;C:\Users\Família Pinheiro\.m2\repository\org\springframework\boot\spring-boot-actuator-autoconfigure\3.2.4\spring-boot-actuator-autoconfigure-3.2.4.jar;C:\Users\Família Pinheiro\.m2\repository\org\springframework\boot\spring-boot-actuator\3.2.4\spring-boot-actuator-3.2.4.jar;C:\Users\Família Pinheiro\.m2\repository\io\micrometer\micrometer-observation\1.12.4\micrometer-observation-1.12.4.jar;C:\Users\Família Pinheiro\.m2\repository\io\micrometer\micrometer-commons\1.12.4\micrometer-commons-1.12.4.jar;C:\Users\Família Pinheiro\.m2\repository\io\micrometer\micrometer-jakarta9\1.12.4\micrometer-jakarta9-1.12.4.jar;C:\Users\Família Pinheiro\.m2\repository\io\micrometer\micrometer-core\1.12.4\micrometer-core-1.12.4.jar;C:\Users\Família Pinheiro\.m2\repository\org\hdrhistogram\HdrHistogram\2.1.12\HdrHistogram-2.1.12.jar;C:\Users\Família Pinheiro\.m2\repository\org\latencyutils\LatencyUtils\2.0.3\LatencyUtils-2.0.3.jar;C:\Users\Família Pinheiro\.m2\repository\org\springframework\boot\spring-boot-starter-validation\3.2.4\spring-boot-starter-validation-3.2.4.jar;C:\Users\Família Pinheiro\.m2\repository\org\apache\tomcat\embed\tomcat-embed-el\10.1.19\tomcat-embed-el-10.1.19.jar;C:\Users\Família Pinheiro\.m2\repository\org\hibernate\validator\hibernate-validator\8.0.1.Final\hibernate-validator-8.0.1.Final.jar;C:\Users\Família Pinheiro\.m2\repository\jakarta\validation\jakarta.validation-api\3.0.2\jakarta.validation-api-3.0.2.jar;C:\Users\Família Pinheiro\.m2\repository\org\jboss\logging\jboss-logging\3.5.3.Final\jboss-logging-3.5.3.Final.jar;C:\Users\Família Pinheiro\.m2\repository\com\fasterxml\classmate\1.6.0\classmate-1.6.0.jar;C:\Users\Família Pinheiro\.m2\repository\io\jsonwebtoken\jjwt-api\0.11.5\jjwt-api-0.11.5.jar;C:\Users\Família Pinheiro\.m2\repository\io\jsonwebtoken\jjwt-impl\0.11.5\jjwt-impl-0.11.5.jar;C:\Users\Família Pinheiro\.m2\repository\io\jsonwebtoken\jjwt-jackson\0.11.5\jjwt-jackson-0.11.5.jar;C:\Users\Família Pinheiro\.m2\repository\com\fasterxml\jackson\core\jackson-databind\2.15.4\jackson-databind-2.15.4.jar;C:\Users\Família Pinheiro\.m2\repository\com\fasterxml\jackson\core\jackson-annotations\2.15.4\jackson-annotations-2.15.4.jar;C:\Users\Família Pinheiro\.m2\repository\com\fasterxml\jackson\core\jackson-core\2.15.4\jackson-core-2.15.4.jar;C:\Users\Família Pinheiro\.m2\repository\net\bytebuddy\byte-buddy\1.14.12\byte-buddy-1.14.12.jar;C:\Users\Família Pinheiro\.m2\repository\org\springframework\boot\spring-boot-starter-data-jpa\3.2.4\spring-boot-starter-data-jpa-3.2.4.jar;C:\Users\Família Pinheiro\.m2\repository\org\springframework\boot\spring-boot-starter-aop\3.2.4\spring-boot-starter-aop-3.2.4.jar;C:\Users\Família Pinheiro\.m2\repository\org\aspectj\aspectjweaver\1.9.21\aspectjweaver-1.9.21.jar;C:\Users\Família Pinheiro\.m2\repository\org\springframework\boot\spring-boot-starter-jdbc\3.2.4\spring-boot-starter-jdbc-3.2.4.jar;C:\Users\Família Pinheiro\.m2\repository\com\zaxxer\HikariCP\5.0.1\HikariCP-5.0.1.jar;C:\Users\Família Pinheiro\.m2\repository\org\springframework\spring-jdbc\6.1.5\spring-jdbc-6.1.5.jar;C:\Users\Família Pinheiro\.m2\repository\org\hibernate\orm\hibernate-core\6.4.4.Final\hibernate-core-6.4.4.Final.jar;C:\Users\Família Pinheiro\.m2\repository\jakarta\persistence\jakarta.persistence-api\3.1.0\jakarta.persistence-api-3.1.0.jar;C:\Users\Família Pinheiro\.m2\repository\jakarta\transaction\jakarta.transaction-api\2.0.1\jakarta.transaction-api-2.0.1.jar;C:\Users\Família Pinheiro\.m2\repository\org\hibernate\common\hibernate-commons-annotations\6.0.6.Final\hibernate-commons-annotations-6.0.6.Final.jar;C:\Users\Família Pinheiro\.m2\repository\io\smallrye\jandex\3.1.2\jandex-3.1.2.jar;C:\Users\Família Pinheiro\.m2\repository\org\glassfish\jaxb\jaxb-runtime\4.0.5\jaxb-runtime-4.0.5.jar;C:\Users\Família Pinheiro\.m2\repository\org\glassfish\jaxb\jaxb-core\4.0.5\jaxb-core-4.0.5.jar;C:\Users\Família Pinheiro\.m2\repository\org\glassfish\jaxb\txw2\4.0.5\txw2-4.0.5.jar;C:\Users\Família Pinheiro\.m2\repository\com\sun\istack\istack-commons-runtime\4.1.2\istack-commons-runtime-4.1.2.jar;C:\Users\Família Pinheiro\.m2\repository\jakarta\inject\jakarta.inject-api\2.0.1\jakarta.inject-api-2.0.1.jar;C:\Users\Família Pinheiro\.m2\repository\org\antlr\antlr4-runtime\4.13.0\antlr4-runtime-4.13.0.jar;C:\Users\Família Pinheiro\.m2\repository\org\springframework\data\spring-data-jpa\3.2.4\spring-data-jpa-3.2.4.jar;C:\Users\Família Pinheiro\.m2\repository\org\springframework\data\spring-data-commons\3.2.4\spring-data-commons-3.2.4.jar;C:\Users\Família Pinheiro\.m2\repository\org\springframework\spring-orm\6.1.5\spring-orm-6.1.5.jar;C:\Users\Família Pinheiro\.m2\repository\org\springframework\spring-tx\6.1.5\spring-tx-6.1.5.jar;C:\Users\Família Pinheiro\.m2\repository\org\slf4j\slf4j-api\2.0.12\slf4j-api-2.0.12.jar;C:\Users\Família Pinheiro\.m2\repository\org\springframework\spring-aspects\6.1.5\spring-aspects-6.1.5.jar;C:\Users\Família Pinheiro\.m2\repository\org\springframework\boot\spring-boot-starter-web\3.2.4\spring-boot-starter-web-3.2.4.jar;C:\Users\Família Pinheiro\.m2\repository\org\springframework\boot\spring-boot-starter-tomcat\3.2.4\spring-boot-starter-tomcat-3.2.4.jar;C:\Users\Família Pinheiro\.m2\repository\org\apache\tomcat\embed\tomcat-embed-core\10.1.19\tomcat-embed-core-10.1.19.jar;C:\Users\Família Pinheiro\.m2\repository\org\apache\tomcat\embed\tomcat-embed-websocket\10.1.19\tomcat-embed-websocket-10.1.19.jar;C:\Users\Família Pinheiro\.m2\repository\com\mysql\mysql-connector-j\8.0.33\mysql-connector-j-8.0.33.jar;C:\Users\Família Pinheiro\.m2\repository\jakarta\xml\bind\jakarta.xml.bind-api\4.0.2\jakarta.xml.bind-api-4.0.2.jar;C:\Users\Família Pinheiro\.m2\repository\jakarta\activation\jakarta.activation-api\2.1.3\jakarta.activation-api-2.1.3.jar;C:\Users\Família Pinheiro\.m2\repository\org\springframework\spring-core\6.1.5\spring-core-6.1.5.jar;C:\Users\Família Pinheiro\.m2\repository\org\springframework\spring-jcl\6.1.5\spring-jcl-6.1.5.jar;C:\Users\Família Pinheiro\.m2\repository\org\springframework\boot\spring-boot-starter-amqp\3.2.4\spring-boot-starter-amqp-3.2.4.jar;C:\Users\Família Pinheiro\.m2\repository\org\springframework\spring-messaging\6.1.5\spring-messaging-6.1.5.jar;C:\Users\Família Pinheiro\.m2\repository\org\springframework\amqp\spring-rabbit\3.1.3\spring-rabbit-3.1.3.jar;C:\Users\Família Pinheiro\.m2\repository\org\springframework\amqp\spring-amqp\3.1.3\spring-amqp-3.1.3.jar;C:\Users\Família Pinheiro\.m2\repository\org\springframework\retry\spring-retry\2.0.5\spring-retry-2.0.5.jar;C:\Users\Família Pinheiro\.m2\repository\com\rabbitmq\amqp-client\5.19.0\amqp-client-5.19.0.jar;C:\Users\Família Pinheiro\.m2\repository\org\springframework\boot\spring-boot-starter-websocket\3.2.4\spring-boot-starter-websocket-3.2.4.jar;C:\Users\Família Pinheiro\.m2\repository\org\springframework\spring-websocket\6.1.5\spring-websocket-6.1.5.jar;C:\Users\Família Pinheiro\.m2\repository\org\springframework\boot\spring-boot-starter-mail\3.2.4\spring-boot-starter-mail-3.2.4.jar;C:\Users\Família Pinheiro\.m2\repository\org\springframework\spring-context-support\6.1.5\spring-context-support-6.1.5.jar;C:\Users\Família Pinheiro\.m2\repository\org\eclipse\angus\jakarta.mail\2.0.3\jakarta.mail-2.0.3.jar;C:\Users\Família Pinheiro\.m2\repository\org\eclipse\angus\angus-activation\2.0.2\angus-activation-2.0.2.jar
Launcher Type: SUN_STANDARD

[Global flags]
     intx CICompilerCount                          = 3                                         {product} {ergonomic}
     uint ConcGCThreads                            = 1                                         {product} {ergonomic}
     uint G1ConcRefinementThreads                  = 4                                         {product} {ergonomic}
   size_t G1HeapRegionSize                         = 1048576                                   {product} {ergonomic}
    uintx GCDrainStackTargetSize                   = 64                                        {product} {ergonomic}
   size_t InitialHeapSize                          = 65011712                                  {product} {ergonomic}
   size_t MarkStackSize                            = 4194304                                   {product} {ergonomic}
   size_t MaxHeapSize                              = 1021313024                                {product} {ergonomic}
   size_t MaxNewSize                               = 612368384                                 {product} {ergonomic}
   size_t MinHeapDeltaBytes                        = 1048576                                   {product} {ergonomic}
   size_t MinHeapSize                              = 8388608                                   {product} {ergonomic}
    uintx NonNMethodCodeHeapSize                   = 5832780                                {pd product} {ergonomic}
    uintx NonProfiledCodeHeapSize                  = 122912730                              {pd product} {ergonomic}
    uintx ProfiledCodeHeapSize                     = 122912730                              {pd product} {ergonomic}
    uintx ReservedCodeCacheSize                    = 251658240                              {pd product} {ergonomic}
     bool SegmentedCodeCache                       = true                                      {product} {ergonomic}
   size_t SoftMaxHeapSize                          = 1021313024                             {manageable} {ergonomic}
     bool UseCompressedOops                        = true                           {product lp64_product} {ergonomic}
     bool UseG1GC                                  = true                                      {product} {ergonomic}
     bool UseLargePagesIndividualAllocation        = false                                  {pd product} {ergonomic}

Logging:
Log output configuration:
 #0: stdout all=warning uptime,level,tags foldmultilines=false
 #1: stderr all=off uptime,level,tags foldmultilines=false

Environment Variables:
PATH=C:\Users\Família Pinheiro\Downloads\aula-nuvem;C:\WINDOWS\system32;C:\WINDOWS;C:\WINDOWS\System32\Wbem;C:\WINDOWS\System32\WindowsPowerShell\v1.0\;C:\WINDOWS\System32\OpenSSH\;C:\Program Files\nodejs\;C:\Program Files\Git\cmd;C:\Users\Família Pinheiro\AppData\Local\Microsoft\WindowsApps;C:\Users\Família Pinheiro\AppData\Local\Programs\Microsoft VS Code\bin;C:\Users\Família Pinheiro\AppData\Local\JetBrains\Toolbox\scripts;C:\Users\Família Pinheiro\AppData\Local\slack-cli\bin;C:\Users\Família Pinheiro\AppData\Roaming\npm;%USERPROFILE%\AppData\Local\Microsoft\WindowsApps;
USERNAME=Família Pinheiro
OS=Windows_NT
PROCESSOR_IDENTIFIER=Intel64 Family 6 Model 140 Stepping 1, GenuineIntel
TMP=C:\Users\FAMLIA~1\AppData\Local\Temp
TEMP=C:\Users\FAMLIA~1\AppData\Local\Temp




Periodic native trim disabled

---------------  S Y S T E M  ---------------

OS:
 Windows 11 , 64 bit Build 26100 (10.0.26100.6725)
OS uptime: 0 days 2:27 hours
Hyper-V role detected

CPU: total 4 (initial active 4) (2 cores per cpu, 2 threads per core) family 6 model 140 stepping 1 microcode 0x9a, cx8, cmov, fxsr, ht, mmx, 3dnowpref, sse, sse2, sse3, ssse3, sse4.1, sse4.2, popcnt, lzcnt, tsc, tscinvbit, avx, avx2, aes, erms, clmul, bmi1, bmi2, adx, avx512f, avx512dq, avx512cd, avx512bw, avx512vl, sha, fma, vzeroupper, avx512_vpopcntdq, avx512_vpclmulqdq, avx512_vaes, avx512_vnni, clflush, clflushopt, clwb, avx512_vbmi2, avx512_vbmi, hv, rdtscp, rdpid, fsrm, gfni, avx512_bitalg, f16c, cet_ibt, cet_ss, avx512_ifma
Processor Information for all 4 processors :
  Max Mhz: 2995, Current Mhz: 2995, Mhz Limit: 2995

Memory: 4k page, system-wide physical 3895M (256M free)
TotalPageFile size 12087M (AvailPageFile size 0M)
current process WorkingSet (physical memory assigned to process): 137M, peak: 137M
current process commit charge ("private bytes"): 183M, peak: 184M

vm_info: OpenJDK 64-Bit Server VM (21.0.4+7-LTS) for windows-amd64 JRE (21.0.4+7-LTS), built on 2024-07-10T17:34:29Z by "Administrator" with MS VC++ 16.10 / 16.11 (VS2019)

END.
